2025-11-28 10:58:26 [restartedMain] INFO  c.example.demo.HospitalApplication - Starting HospitalApplication using Java 23.0.2 with PID 24464 (C:\HospitalManagementSystem\Backend\hospital\target\classes started by vaishnavi.v in C:\HospitalManagementSystem\Backend\hospital)
2025-11-28 10:58:26 [restartedMain] INFO  c.example.demo.HospitalApplication - No active profile set, falling back to 1 default profile: "default"
2025-11-28 10:58:26 [restartedMain] INFO  o.s.b.d.restart.ChangeableUrls - The Class-Path manifest attribute in C:\Users\vaishnavi.v\.m2\repository\org\apache\kafka\kafka-clients\3.7.0\kafka-clients-3.7.0.jar referenced one or more files that do not exist: file:/C:/Users/vaishnavi.v/.m2/repository/org/apache/kafka/kafka-clients/3.7.0/zstd-jni-1.5.5-6.jar,file:/C:/Users/vaishnavi.v/.m2/repository/org/apache/kafka/kafka-clients/3.7.0/lz4-java-1.8.0.jar,file:/C:/Users/vaishnavi.v/.m2/repository/org/apache/kafka/kafka-clients/3.7.0/snappy-java-1.1.10.5.jar,file:/C:/Users/vaishnavi.v/.m2/repository/org/apache/kafka/kafka-clients/3.7.0/slf4j-api-1.7.36.jar
2025-11-28 10:58:26 [restartedMain] INFO  o.s.b.d.e.DevToolsPropertyDefaultsPostProcessor - Devtools property defaults active! Set 'spring.devtools.add-properties' to 'false' to disable
2025-11-28 10:58:26 [restartedMain] INFO  o.s.b.d.e.DevToolsPropertyDefaultsPostProcessor - For additional web related logging consider setting the 'logging.level.web' property to 'DEBUG'
2025-11-28 10:58:27 [restartedMain] INFO  o.s.d.r.c.RepositoryConfigurationDelegate - Multiple Spring Data modules found, entering strict repository configuration mode
2025-11-28 10:58:27 [restartedMain] INFO  o.s.d.r.c.RepositoryConfigurationDelegate - Bootstrapping Spring Data Elasticsearch repositories in DEFAULT mode.
2025-11-28 10:58:27 [restartedMain] INFO  o.s.d.r.c.RepositoryConfigurationExtensionSupport - Spring Data Elasticsearch - Could not safely identify store assignment for repository candidate interface com.example.demo.repository.AppointmentRepository; If you want this repository to be a Elasticsearch repository, consider annotating your entities with one of these annotations: org.springframework.data.elasticsearch.annotations.Document (preferred), or consider extending one of the following types with your repository: org.springframework.data.elasticsearch.repository.ElasticsearchRepository
2025-11-28 10:58:27 [restartedMain] INFO  o.s.d.r.c.RepositoryConfigurationExtensionSupport - Spring Data Elasticsearch - Could not safely identify store assignment for repository candidate interface com.example.demo.repository.BillRepository; If you want this repository to be a Elasticsearch repository, consider annotating your entities with one of these annotations: org.springframework.data.elasticsearch.annotations.Document (preferred), or consider extending one of the following types with your repository: org.springframework.data.elasticsearch.repository.ElasticsearchRepository
2025-11-28 10:58:27 [restartedMain] INFO  o.s.d.r.c.RepositoryConfigurationExtensionSupport - Spring Data Elasticsearch - Could not safely identify store assignment for repository candidate interface com.example.demo.repository.DoctorAvailabilityRepository; If you want this repository to be a Elasticsearch repository, consider annotating your entities with one of these annotations: org.springframework.data.elasticsearch.annotations.Document (preferred), or consider extending one of the following types with your repository: org.springframework.data.elasticsearch.repository.ElasticsearchRepository
2025-11-28 10:58:27 [restartedMain] INFO  o.s.d.r.c.RepositoryConfigurationExtensionSupport - Spring Data Elasticsearch - Could not safely identify store assignment for repository candidate interface com.example.demo.repository.DoctorRepository; If you want this repository to be a Elasticsearch repository, consider annotating your entities with one of these annotations: org.springframework.data.elasticsearch.annotations.Document (preferred), or consider extending one of the following types with your repository: org.springframework.data.elasticsearch.repository.ElasticsearchRepository
2025-11-28 10:58:27 [restartedMain] INFO  o.s.d.r.c.RepositoryConfigurationExtensionSupport - Spring Data Elasticsearch - Could not safely identify store assignment for repository candidate interface com.example.demo.repository.MedicineRepository; If you want this repository to be a Elasticsearch repository, consider annotating your entities with one of these annotations: org.springframework.data.elasticsearch.annotations.Document (preferred), or consider extending one of the following types with your repository: org.springframework.data.elasticsearch.repository.ElasticsearchRepository
2025-11-28 10:58:27 [restartedMain] INFO  o.s.d.r.c.RepositoryConfigurationExtensionSupport - Spring Data Elasticsearch - Could not safely identify store assignment for repository candidate interface com.example.demo.repository.OtpVerificationRepository; If you want this repository to be a Elasticsearch repository, consider annotating your entities with one of these annotations: org.springframework.data.elasticsearch.annotations.Document (preferred), or consider extending one of the following types with your repository: org.springframework.data.elasticsearch.repository.ElasticsearchRepository
2025-11-28 10:58:27 [restartedMain] INFO  o.s.d.r.c.RepositoryConfigurationExtensionSupport - Spring Data Elasticsearch - Could not safely identify store assignment for repository candidate interface com.example.demo.repository.PatientRepository; If you want this repository to be a Elasticsearch repository, consider annotating your entities with one of these annotations: org.springframework.data.elasticsearch.annotations.Document (preferred), or consider extending one of the following types with your repository: org.springframework.data.elasticsearch.repository.ElasticsearchRepository
2025-11-28 10:58:27 [restartedMain] INFO  o.s.d.r.c.RepositoryConfigurationExtensionSupport - Spring Data Elasticsearch - Could not safely identify store assignment for repository candidate interface com.example.demo.repository.PaymentRepository; If you want this repository to be a Elasticsearch repository, consider annotating your entities with one of these annotations: org.springframework.data.elasticsearch.annotations.Document (preferred), or consider extending one of the following types with your repository: org.springframework.data.elasticsearch.repository.ElasticsearchRepository
2025-11-28 10:58:27 [restartedMain] INFO  o.s.d.r.c.RepositoryConfigurationExtensionSupport - Spring Data Elasticsearch - Could not safely identify store assignment for repository candidate interface com.example.demo.repository.PrescriptionRepository; If you want this repository to be a Elasticsearch repository, consider annotating your entities with one of these annotations: org.springframework.data.elasticsearch.annotations.Document (preferred), or consider extending one of the following types with your repository: org.springframework.data.elasticsearch.repository.ElasticsearchRepository
2025-11-28 10:58:27 [restartedMain] INFO  o.s.d.r.c.RepositoryConfigurationExtensionSupport - Spring Data Elasticsearch - Could not safely identify store assignment for repository candidate interface com.example.demo.repository.UserRepository; If you want this repository to be a Elasticsearch repository, consider annotating your entities with one of these annotations: org.springframework.data.elasticsearch.annotations.Document (preferred), or consider extending one of the following types with your repository: org.springframework.data.elasticsearch.repository.ElasticsearchRepository
2025-11-28 10:58:27 [restartedMain] INFO  o.s.d.r.c.RepositoryConfigurationDelegate - Finished Spring Data repository scanning in 97 ms. Found 1 Elasticsearch repository interface.
2025-11-28 10:58:27 [restartedMain] INFO  o.s.d.r.c.RepositoryConfigurationDelegate - Multiple Spring Data modules found, entering strict repository configuration mode
2025-11-28 10:58:27 [restartedMain] INFO  o.s.d.r.c.RepositoryConfigurationDelegate - Bootstrapping Spring Data JPA repositories in DEFAULT mode.
2025-11-28 10:58:27 [restartedMain] INFO  o.s.d.r.c.RepositoryConfigurationExtensionSupport - Spring Data JPA - Could not safely identify store assignment for repository candidate interface com.example.demo.repository.PatientSearchRepository; If you want this repository to be a JPA repository, consider annotating your entities with one of these annotations: jakarta.persistence.Entity, jakarta.persistence.MappedSuperclass (preferred), or consider extending one of the following types with your repository: org.springframework.data.jpa.repository.JpaRepository
2025-11-28 10:58:27 [restartedMain] INFO  o.s.d.r.c.RepositoryConfigurationDelegate - Finished Spring Data repository scanning in 37 ms. Found 10 JPA repository interfaces.
2025-11-28 10:58:28 [restartedMain] INFO  o.s.b.w.e.tomcat.TomcatWebServer - Tomcat initialized with port 8081 (http)
2025-11-28 10:58:28 [restartedMain] INFO  o.a.coyote.http11.Http11NioProtocol - Initializing ProtocolHandler ["http-nio-8081"]
2025-11-28 10:58:28 [restartedMain] INFO  o.a.catalina.core.StandardService - Starting service [Tomcat]
2025-11-28 10:58:28 [restartedMain] INFO  o.a.catalina.core.StandardEngine - Starting Servlet engine: [Apache Tomcat/10.1.41]
2025-11-28 10:58:28 [restartedMain] INFO  o.a.c.c.C.[Tomcat].[localhost].[/] - Initializing Spring embedded WebApplicationContext
2025-11-28 10:58:28 [restartedMain] INFO  o.s.b.w.s.c.ServletWebServerApplicationContext - Root WebApplicationContext: initialization completed in 2272 ms
2025-11-28 10:58:29 [restartedMain] INFO  o.h.jpa.internal.util.LogHelper - HHH000204: Processing PersistenceUnitInfo [name: default]
2025-11-28 10:58:29 [restartedMain] INFO  org.hibernate.Version - HHH000412: Hibernate ORM core version 6.6.15.Final
2025-11-28 10:58:29 [restartedMain] INFO  o.h.c.i.RegionFactoryInitiator - HHH000026: Second-level cache disabled
2025-11-28 10:58:29 [restartedMain] INFO  o.s.o.j.p.SpringPersistenceUnitInfo - No LoadTimeWeaver setup: ignoring JPA class transformer
2025-11-28 10:58:29 [restartedMain] INFO  com.zaxxer.hikari.HikariDataSource - HikariPool-1 - Starting...
2025-11-28 10:58:30 [restartedMain] INFO  com.zaxxer.hikari.pool.HikariPool - HikariPool-1 - Added connection com.mysql.cj.jdbc.ConnectionImpl@4b58961
2025-11-28 10:58:30 [restartedMain] INFO  com.zaxxer.hikari.HikariDataSource - HikariPool-1 - Start completed.
2025-11-28 10:58:30 [restartedMain] WARN  org.hibernate.orm.deprecation - HHH90000025: MySQL8Dialect does not need to be specified explicitly using 'hibernate.dialect' (remove the property setting and it will be selected by default)
2025-11-28 10:58:30 [restartedMain] WARN  org.hibernate.orm.deprecation - HHH90000026: MySQL8Dialect has been deprecated; use org.hibernate.dialect.MySQLDialect instead
2025-11-28 10:58:30 [restartedMain] INFO  o.hibernate.orm.connections.pooling - HHH10001005: Database info:
	Database JDBC URL [Connecting through datasource 'HikariDataSource (HikariPool-1)']
	Database driver: undefined/unknown
	Database version: 8.0
	Autocommit mode: undefined/unknown
	Isolation level: undefined/unknown
	Minimum pool size: undefined/unknown
	Maximum pool size: undefined/unknown
2025-11-28 10:58:30 [restartedMain] WARN  o.h.m.i.EntityRepresentationStrategyPojoStandard - HHH000305: Could not create proxy factory for:com.example.demo.entity.Appointment
org.hibernate.HibernateException: Getter methods of lazy classes cannot be final: com.example.demo.entity.Appointment#getAppointmentDate
	at org.hibernate.proxy.pojo.ProxyFactoryHelper.validateGetterSetterMethodProxyability(ProxyFactoryHelper.java:80)
	at org.hibernate.metamodel.internal.EntityRepresentationStrategyPojoStandard.createProxyFactory(EntityRepresentationStrategyPojoStandard.java:264)
	at org.hibernate.metamodel.internal.EntityRepresentationStrategyPojoStandard.resolveProxyFactory(EntityRepresentationStrategyPojoStandard.java:179)
	at org.hibernate.metamodel.internal.EntityRepresentationStrategyPojoStandard.<init>(EntityRepresentationStrategyPojoStandard.java:145)
	at org.hibernate.metamodel.internal.ManagedTypeRepresentationResolverStandard.resolveStrategy(ManagedTypeRepresentationResolverStandard.java:62)
	at org.hibernate.persister.entity.AbstractEntityPersister.<init>(AbstractEntityPersister.java:562)
	at org.hibernate.persister.entity.SingleTableEntityPersister.<init>(SingleTableEntityPersister.java:134)
	at java.base/jdk.internal.reflect.DirectConstructorHandleAccessor.newInstance(DirectConstructorHandleAccessor.java:62)
	at java.base/java.lang.reflect.Constructor.newInstanceWithCaller(Constructor.java:501)
	at java.base/java.lang.reflect.Constructor.newInstance(Constructor.java:485)
	at org.hibernate.persister.internal.PersisterFactoryImpl.createEntityPersister(PersisterFactoryImpl.java:94)
	at org.hibernate.persister.internal.PersisterFactoryImpl.createEntityPersister(PersisterFactoryImpl.java:77)
	at org.hibernate.metamodel.model.domain.internal.MappingMetamodelImpl.processBootEntities(MappingMetamodelImpl.java:250)
	at org.hibernate.metamodel.model.domain.internal.MappingMetamodelImpl.finishInitialization(MappingMetamodelImpl.java:184)
	at org.hibernate.internal.SessionFactoryImpl.initializeMappingModel(SessionFactoryImpl.java:373)
	at org.hibernate.internal.SessionFactoryImpl.<init>(SessionFactoryImpl.java:302)
	at org.hibernate.boot.internal.SessionFactoryBuilderImpl.build(SessionFactoryBuilderImpl.java:463)
	at org.hibernate.jpa.boot.internal.EntityManagerFactoryBuilderImpl.build(EntityManagerFactoryBuilderImpl.java:1517)
	at org.springframework.orm.jpa.vendor.SpringHibernateJpaPersistenceProvider.createContainerEntityManagerFactory(SpringHibernateJpaPersistenceProvider.java:66)
	at org.springframework.orm.jpa.LocalContainerEntityManagerFactoryBean.createNativeEntityManagerFactory(LocalContainerEntityManagerFactoryBean.java:390)
	at org.springframework.orm.jpa.AbstractEntityManagerFactoryBean.buildNativeEntityManagerFactory(AbstractEntityManagerFactoryBean.java:419)
	at org.springframework.orm.jpa.AbstractEntityManagerFactoryBean.afterPropertiesSet(AbstractEntityManagerFactoryBean.java:400)
	at org.springframework.orm.jpa.LocalContainerEntityManagerFactoryBean.afterPropertiesSet(LocalContainerEntityManagerFactoryBean.java:366)
	at org.springframework.beans.factory.support.AbstractAutowireCapableBeanFactory.invokeInitMethods(AbstractAutowireCapableBeanFactory.java:1873)
	at org.springframework.beans.factory.support.AbstractAutowireCapableBeanFactory.initializeBean(AbstractAutowireCapableBeanFactory.java:1822)
	at org.springframework.beans.factory.support.AbstractAutowireCapableBeanFactory.doCreateBean(AbstractAutowireCapableBeanFactory.java:607)
	at org.springframework.beans.factory.support.AbstractAutowireCapableBeanFactory.createBean(AbstractAutowireCapableBeanFactory.java:529)
	at org.springframework.beans.factory.support.AbstractBeanFactory.lambda$doGetBean$0(AbstractBeanFactory.java:339)
	at org.springframework.beans.factory.support.DefaultSingletonBeanRegistry.getSingleton(DefaultSingletonBeanRegistry.java:373)
	at org.springframework.beans.factory.support.AbstractBeanFactory.doGetBean(AbstractBeanFactory.java:337)
	at org.springframework.beans.factory.support.AbstractBeanFactory.getBean(AbstractBeanFactory.java:202)
	at org.springframework.beans.factory.support.BeanDefinitionValueResolver.resolveReference(BeanDefinitionValueResolver.java:365)
	at org.springframework.beans.factory.support.BeanDefinitionValueResolver.resolveValueIfNecessary(BeanDefinitionValueResolver.java:135)
	at org.springframework.beans.factory.support.ConstructorResolver.resolveConstructorArguments(ConstructorResolver.java:691)
	at org.springframework.beans.factory.support.ConstructorResolver.instantiateUsingFactoryMethod(ConstructorResolver.java:513)
	at org.springframework.beans.factory.support.AbstractAutowireCapableBeanFactory.instantiateUsingFactoryMethod(AbstractAutowireCapableBeanFactory.java:1375)
	at org.springframework.beans.factory.support.AbstractAutowireCapableBeanFactory.createBeanInstance(AbstractAutowireCapableBeanFactory.java:1205)
	at org.springframework.beans.factory.support.AbstractAutowireCapableBeanFactory.doCreateBean(AbstractAutowireCapableBeanFactory.java:569)
	at org.springframework.beans.factory.support.AbstractAutowireCapableBeanFactory.createBean(AbstractAutowireCapableBeanFactory.java:529)
	at org.springframework.beans.factory.support.AbstractBeanFactory.lambda$doGetBean$0(AbstractBeanFactory.java:339)
	at org.springframework.beans.factory.support.DefaultSingletonBeanRegistry.getSingleton(DefaultSingletonBeanRegistry.java:373)
	at org.springframework.beans.factory.support.AbstractBeanFactory.doGetBean(AbstractBeanFactory.java:337)
	at org.springframework.beans.factory.support.AbstractBeanFactory.getBean(AbstractBeanFactory.java:202)
	at org.springframework.beans.factory.support.BeanDefinitionValueResolver.resolveReference(BeanDefinitionValueResolver.java:365)
	at org.springframework.beans.factory.support.BeanDefinitionValueResolver.resolveValueIfNecessary(BeanDefinitionValueResolver.java:135)
	at org.springframework.beans.factory.support.AbstractAutowireCapableBeanFactory.applyPropertyValues(AbstractAutowireCapableBeanFactory.java:1725)
	at org.springframework.beans.factory.support.AbstractAutowireCapableBeanFactory.populateBean(AbstractAutowireCapableBeanFactory.java:1474)
	at org.springframework.beans.factory.support.AbstractAutowireCapableBeanFactory.doCreateBean(AbstractAutowireCapableBeanFactory.java:606)
	at org.springframework.beans.factory.support.AbstractAutowireCapableBeanFactory.createBean(AbstractAutowireCapableBeanFactory.java:529)
	at org.springframework.beans.factory.support.AbstractBeanFactory.lambda$doGetBean$0(AbstractBeanFactory.java:339)
	at org.springframework.beans.factory.support.DefaultSingletonBeanRegistry.getSingleton(DefaultSingletonBeanRegistry.java:373)
	at org.springframework.beans.factory.support.AbstractBeanFactory.doGetBean(AbstractBeanFactory.java:337)
	at org.springframework.beans.factory.support.AbstractBeanFactory.getBean(AbstractBeanFactory.java:202)
	at org.springframework.beans.factory.support.DefaultListableBeanFactory.doResolveDependency(DefaultListableBeanFactory.java:1682)
	at org.springframework.beans.factory.support.DefaultListableBeanFactory.resolveDependency(DefaultListableBeanFactory.java:1628)
	at org.springframework.beans.factory.annotation.AutowiredAnnotationBeanPostProcessor$AutowiredFieldElement.resolveFieldValue(AutowiredAnnotationBeanPostProcessor.java:785)
	at org.springframework.beans.factory.annotation.AutowiredAnnotationBeanPostProcessor$AutowiredFieldElement.inject(AutowiredAnnotationBeanPostProcessor.java:768)
	at org.springframework.beans.factory.annotation.InjectionMetadata.inject(InjectionMetadata.java:146)
	at org.springframework.beans.factory.annotation.AutowiredAnnotationBeanPostProcessor.postProcessProperties(AutowiredAnnotationBeanPostProcessor.java:509)
	at org.springframework.beans.factory.support.AbstractAutowireCapableBeanFactory.populateBean(AbstractAutowireCapableBeanFactory.java:1459)
	at org.springframework.beans.factory.support.AbstractAutowireCapableBeanFactory.doCreateBean(AbstractAutowireCapableBeanFactory.java:606)
	at org.springframework.beans.factory.support.AbstractAutowireCapableBeanFactory.createBean(AbstractAutowireCapableBeanFactory.java:529)
	at org.springframework.beans.factory.support.AbstractBeanFactory.lambda$doGetBean$0(AbstractBeanFactory.java:339)
	at org.springframework.beans.factory.support.DefaultSingletonBeanRegistry.getSingleton(DefaultSingletonBeanRegistry.java:373)
	at org.springframework.beans.factory.support.AbstractBeanFactory.doGetBean(AbstractBeanFactory.java:337)
	at org.springframework.beans.factory.support.AbstractBeanFactory.getBean(AbstractBeanFactory.java:202)
	at org.springframework.beans.factory.config.DependencyDescriptor.resolveCandidate(DependencyDescriptor.java:254)
	at org.springframework.beans.factory.support.DefaultListableBeanFactory.doResolveDependency(DefaultListableBeanFactory.java:1740)
	at org.springframework.beans.factory.support.DefaultListableBeanFactory.resolveDependency(DefaultListableBeanFactory.java:1628)
	at org.springframework.beans.factory.annotation.AutowiredAnnotationBeanPostProcessor$AutowiredFieldElement.resolveFieldValue(AutowiredAnnotationBeanPostProcessor.java:785)
	at org.springframework.beans.factory.annotation.AutowiredAnnotationBeanPostProcessor$AutowiredFieldElement.inject(AutowiredAnnotationBeanPostProcessor.java:768)
	at org.springframework.beans.factory.annotation.InjectionMetadata.inject(InjectionMetadata.java:146)
	at org.springframework.beans.factory.annotation.AutowiredAnnotationBeanPostProcessor.postProcessProperties(AutowiredAnnotationBeanPostProcessor.java:509)
	at org.springframework.beans.factory.support.AbstractAutowireCapableBeanFactory.populateBean(AbstractAutowireCapableBeanFactory.java:1459)
	at org.springframework.beans.factory.support.AbstractAutowireCapableBeanFactory.doCreateBean(AbstractAutowireCapableBeanFactory.java:606)
	at org.springframework.beans.factory.support.AbstractAutowireCapableBeanFactory.createBean(AbstractAutowireCapableBeanFactory.java:529)
	at org.springframework.beans.factory.support.AbstractBeanFactory.lambda$doGetBean$0(AbstractBeanFactory.java:339)
	at org.springframework.beans.factory.support.DefaultSingletonBeanRegistry.getSingleton(DefaultSingletonBeanRegistry.java:373)
	at org.springframework.beans.factory.support.AbstractBeanFactory.doGetBean(AbstractBeanFactory.java:337)
	at org.springframework.beans.factory.support.AbstractBeanFactory.getBean(AbstractBeanFactory.java:207)
	at org.springframework.boot.web.servlet.ServletContextInitializerBeans.getOrderedBeansOfType(ServletContextInitializerBeans.java:230)
	at org.springframework.boot.web.servlet.ServletContextInitializerBeans.addAsRegistrationBean(ServletContextInitializerBeans.java:184)
	at org.springframework.boot.web.servlet.ServletContextInitializerBeans.addAsRegistrationBean(ServletContextInitializerBeans.java:179)
	at org.springframework.boot.web.servlet.ServletContextInitializerBeans.addAdaptableBeans(ServletContextInitializerBeans.java:164)
	at org.springframework.boot.web.servlet.ServletContextInitializerBeans.<init>(ServletContextInitializerBeans.java:96)
	at org.springframework.boot.web.servlet.context.ServletWebServerApplicationContext.getServletContextInitializerBeans(ServletWebServerApplicationContext.java:271)
	at org.springframework.boot.web.servlet.context.ServletWebServerApplicationContext.selfInitialize(ServletWebServerApplicationContext.java:245)
	at org.springframework.boot.web.embedded.tomcat.TomcatStarter.onStartup(TomcatStarter.java:52)
	at org.apache.catalina.core.StandardContext.startInternal(StandardContext.java:4464)
	at org.apache.catalina.util.LifecycleBase.start(LifecycleBase.java:164)
	at org.apache.catalina.core.ContainerBase$StartChild.call(ContainerBase.java:1203)
	at org.apache.catalina.core.ContainerBase$StartChild.call(ContainerBase.java:1193)
	at java.base/java.util.concurrent.FutureTask.run(FutureTask.java:317)
	at org.apache.tomcat.util.threads.InlineExecutorService.execute(InlineExecutorService.java:75)
	at java.base/java.util.concurrent.AbstractExecutorService.submit(AbstractExecutorService.java:148)
	at org.apache.catalina.core.ContainerBase.startInternal(ContainerBase.java:749)
	at org.apache.catalina.core.StandardHost.startInternal(StandardHost.java:772)
	at org.apache.catalina.util.LifecycleBase.start(LifecycleBase.java:164)
	at org.apache.catalina.core.ContainerBase$StartChild.call(ContainerBase.java:1203)
	at org.apache.catalina.core.ContainerBase$StartChild.call(ContainerBase.java:1193)
	at java.base/java.util.concurrent.FutureTask.run(FutureTask.java:317)
	at org.apache.tomcat.util.threads.InlineExecutorService.execute(InlineExecutorService.java:75)
	at java.base/java.util.concurrent.AbstractExecutorService.submit(AbstractExecutorService.java:148)
	at org.apache.catalina.core.ContainerBase.startInternal(ContainerBase.java:749)
	at org.apache.catalina.core.StandardEngine.startInternal(StandardEngine.java:203)
	at org.apache.catalina.util.LifecycleBase.start(LifecycleBase.java:164)
	at org.apache.catalina.core.StandardService.startInternal(StandardService.java:412)
	at org.apache.catalina.util.LifecycleBase.start(LifecycleBase.java:164)
	at org.apache.catalina.core.StandardServer.startInternal(StandardServer.java:870)
	at org.apache.catalina.util.LifecycleBase.start(LifecycleBase.java:164)
	at org.apache.catalina.startup.Tomcat.start(Tomcat.java:438)
	at org.springframework.boot.web.embedded.tomcat.TomcatWebServer.initialize(TomcatWebServer.java:128)
	at org.springframework.boot.web.embedded.tomcat.TomcatWebServer.<init>(TomcatWebServer.java:107)
	at org.springframework.boot.web.embedded.tomcat.TomcatServletWebServerFactory.getTomcatWebServer(TomcatServletWebServerFactory.java:517)
	at org.springframework.boot.web.embedded.tomcat.TomcatServletWebServerFactory.getWebServer(TomcatServletWebServerFactory.java:219)
	at org.springframework.boot.web.servlet.context.ServletWebServerApplicationContext.createWebServer(ServletWebServerApplicationContext.java:193)
	at org.springframework.boot.web.servlet.context.ServletWebServerApplicationContext.onRefresh(ServletWebServerApplicationContext.java:167)
	at org.springframework.context.support.AbstractApplicationContext.refresh(AbstractApplicationContext.java:621)
	at org.springframework.boot.web.servlet.context.ServletWebServerApplicationContext.refresh(ServletWebServerApplicationContext.java:146)
	at org.springframework.boot.SpringApplication.refresh(SpringApplication.java:753)
	at org.springframework.boot.SpringApplication.refreshContext(SpringApplication.java:439)
	at org.springframework.boot.SpringApplication.run(SpringApplication.java:318)
	at org.springframework.boot.SpringApplication.run(SpringApplication.java:1362)
	at org.springframework.boot.SpringApplication.run(SpringApplication.java:1351)
	at com.example.demo.HospitalApplication.main(HospitalApplication.java:10)
	at java.base/jdk.internal.reflect.DirectMethodHandleAccessor.invoke(DirectMethodHandleAccessor.java:103)
	at java.base/java.lang.reflect.Method.invoke(Method.java:580)
	at org.springframework.boot.devtools.restart.RestartLauncher.run(RestartLauncher.java:50)
2025-11-28 10:58:31 [restartedMain] INFO  o.h.e.t.j.p.i.JtaPlatformInitiator - HHH000489: No JTA platform available (set 'hibernate.transaction.jta.platform' to enable JTA platform integration)
2025-11-28 10:58:31 [restartedMain] INFO  o.s.o.j.LocalContainerEntityManagerFactoryBean - Initialized JPA EntityManagerFactory for persistence unit 'default'
2025-11-28 10:58:32 [restartedMain] INFO  o.s.d.j.r.query.QueryEnhancerFactory - Hibernate is in classpath; If applicable, HQL parser will be used.
2025-11-28 10:58:33 [restartedMain] INFO  o.s.b.d.a.OptionalLiveReloadServer - LiveReload server is running on port 35729
2025-11-28 10:58:34 [restartedMain] INFO  o.s.s.c.a.a.c.InitializeAuthenticationProviderBeanManagerConfigurer$InitializeAuthenticationProviderManagerConfigurer - Global AuthenticationManager configured with AuthenticationProvider bean with name authenticationProvider
2025-11-28 10:58:34 [restartedMain] WARN  o.s.s.c.a.a.c.InitializeUserDetailsBeanManagerConfigurer$InitializeUserDetailsManagerConfigurer - Global AuthenticationManager configured with an AuthenticationProvider bean. UserDetailsService beans will not be used by Spring Security for automatically configuring username/password login. Consider removing the AuthenticationProvider bean. Alternatively, consider using the UserDetailsService in a manually instantiated DaoAuthenticationProvider. If the current configuration is intentional, to turn off this warning, increase the logging level of 'org.springframework.security.config.annotation.authentication.configuration.InitializeUserDetailsBeanManagerConfigurer' to ERROR
2025-11-28 10:58:34 [restartedMain] WARN  o.s.b.a.o.j.JpaBaseConfiguration$JpaWebConfiguration - spring.jpa.open-in-view is enabled by default. Therefore, database queries may be performed during view rendering. Explicitly configure spring.jpa.open-in-view to disable this warning
2025-11-28 10:58:34 [restartedMain] DEBUG o.s.s.web.DefaultSecurityFilterChain - Will secure any request with filters: DisableEncodeUrlFilter, WebAsyncManagerIntegrationFilter, SecurityContextHolderFilter, HeaderWriterFilter, CorsFilter, LogoutFilter, JwtAuthenticationFilter, RequestCacheAwareFilter, SecurityContextHolderAwareRequestFilter, AnonymousAuthenticationFilter, SessionManagementFilter, ExceptionTranslationFilter, AuthorizationFilter
2025-11-28 10:58:35 [restartedMain] INFO  o.a.coyote.http11.Http11NioProtocol - Starting ProtocolHandler ["http-nio-8081"]
2025-11-28 10:58:35 [restartedMain] INFO  o.s.b.w.e.tomcat.TomcatWebServer - Tomcat started on port 8081 (http) with context path '/'
2025-11-28 10:58:35 [restartedMain] INFO  o.a.k.c.consumer.ConsumerConfig - ConsumerConfig values: 
	allow.auto.create.topics = true
	auto.commit.interval.ms = 5000
	auto.include.jmx.reporter = true
	auto.offset.reset = latest
	bootstrap.servers = [localhost:9092]
	check.crcs = true
	client.dns.lookup = use_all_dns_ips
	client.id = consumer-medicine-group-1
	client.rack = 
	connections.max.idle.ms = 540000
	default.api.timeout.ms = 60000
	enable.auto.commit = false
	enable.metrics.push = true
	exclude.internal.topics = true
	fetch.max.bytes = 52428800
	fetch.max.wait.ms = 500
	fetch.min.bytes = 1
	group.id = medicine-group
	group.instance.id = null
	group.protocol = classic
	group.remote.assignor = null
	heartbeat.interval.ms = 3000
	interceptor.classes = []
	internal.leave.group.on.close = true
	internal.throw.on.fetch.stable.offset.unsupported = false
	isolation.level = read_uncommitted
	key.deserializer = class org.apache.kafka.common.serialization.StringDeserializer
	max.partition.fetch.bytes = 1048576
	max.poll.interval.ms = 300000
	max.poll.records = 500
	metadata.max.age.ms = 300000
	metric.reporters = []
	metrics.num.samples = 2
	metrics.recording.level = INFO
	metrics.sample.window.ms = 30000
	partition.assignment.strategy = [class org.apache.kafka.clients.consumer.RangeAssignor, class org.apache.kafka.clients.consumer.CooperativeStickyAssignor]
	receive.buffer.bytes = 65536
	reconnect.backoff.max.ms = 1000
	reconnect.backoff.ms = 50
	request.timeout.ms = 30000
	retry.backoff.max.ms = 1000
	retry.backoff.ms = 100
	sasl.client.callback.handler.class = null
	sasl.jaas.config = null
	sasl.kerberos.kinit.cmd = /usr/bin/kinit
	sasl.kerberos.min.time.before.relogin = 60000
	sasl.kerberos.service.name = null
	sasl.kerberos.ticket.renew.jitter = 0.05
	sasl.kerberos.ticket.renew.window.factor = 0.8
	sasl.login.callback.handler.class = null
	sasl.login.class = null
	sasl.login.connect.timeout.ms = null
	sasl.login.read.timeout.ms = null
	sasl.login.refresh.buffer.seconds = 300
	sasl.login.refresh.min.period.seconds = 60
	sasl.login.refresh.window.factor = 0.8
	sasl.login.refresh.window.jitter = 0.05
	sasl.login.retry.backoff.max.ms = 10000
	sasl.login.retry.backoff.ms = 100
	sasl.mechanism = GSSAPI
	sasl.oauthbearer.clock.skew.seconds = 30
	sasl.oauthbearer.expected.audience = null
	sasl.oauthbearer.expected.issuer = null
	sasl.oauthbearer.jwks.endpoint.refresh.ms = 3600000
	sasl.oauthbearer.jwks.endpoint.retry.backoff.max.ms = 10000
	sasl.oauthbearer.jwks.endpoint.retry.backoff.ms = 100
	sasl.oauthbearer.jwks.endpoint.url = null
	sasl.oauthbearer.scope.claim.name = scope
	sasl.oauthbearer.sub.claim.name = sub
	sasl.oauthbearer.token.endpoint.url = null
	security.protocol = PLAINTEXT
	security.providers = null
	send.buffer.bytes = 131072
	session.timeout.ms = 45000
	socket.connection.setup.timeout.max.ms = 30000
	socket.connection.setup.timeout.ms = 10000
	ssl.cipher.suites = null
	ssl.enabled.protocols = [TLSv1.2, TLSv1.3]
	ssl.endpoint.identification.algorithm = https
	ssl.engine.factory.class = null
	ssl.key.password = null
	ssl.keymanager.algorithm = SunX509
	ssl.keystore.certificate.chain = null
	ssl.keystore.key = null
	ssl.keystore.location = null
	ssl.keystore.password = null
	ssl.keystore.type = JKS
	ssl.protocol = TLSv1.3
	ssl.provider = null
	ssl.secure.random.implementation = null
	ssl.trustmanager.algorithm = PKIX
	ssl.truststore.certificates = null
	ssl.truststore.location = null
	ssl.truststore.password = null
	ssl.truststore.type = JKS
	value.deserializer = class org.springframework.kafka.support.serializer.JsonDeserializer

2025-11-28 10:58:35 [restartedMain] INFO  o.a.k.c.t.i.KafkaMetricsCollector - initializing Kafka metrics collector
2025-11-28 10:58:35 [restartedMain] INFO  o.a.kafka.common.utils.AppInfoParser - Kafka version: 3.7.0
2025-11-28 10:58:35 [restartedMain] INFO  o.a.kafka.common.utils.AppInfoParser - Kafka commitId: 2ae524ed625438c5
2025-11-28 10:58:35 [restartedMain] INFO  o.a.kafka.common.utils.AppInfoParser - Kafka startTimeMs: 1764307715707
2025-11-28 10:58:35 [restartedMain] INFO  o.a.k.c.c.i.LegacyKafkaConsumer - [Consumer clientId=consumer-medicine-group-1, groupId=medicine-group] Subscribed to topic(s): bulk-medicine-upload
2025-11-28 10:58:35 [restartedMain] INFO  o.a.k.c.consumer.ConsumerConfig - ConsumerConfig values: 
	allow.auto.create.topics = true
	auto.commit.interval.ms = 5000
	auto.include.jmx.reporter = true
	auto.offset.reset = latest
	bootstrap.servers = [localhost:9092]
	check.crcs = true
	client.dns.lookup = use_all_dns_ips
	client.id = consumer-patient-group-2
	client.rack = 
	connections.max.idle.ms = 540000
	default.api.timeout.ms = 60000
	enable.auto.commit = false
	enable.metrics.push = true
	exclude.internal.topics = true
	fetch.max.bytes = 52428800
	fetch.max.wait.ms = 500
	fetch.min.bytes = 1
	group.id = patient-group
	group.instance.id = null
	group.protocol = classic
	group.remote.assignor = null
	heartbeat.interval.ms = 3000
	interceptor.classes = []
	internal.leave.group.on.close = true
	internal.throw.on.fetch.stable.offset.unsupported = false
	isolation.level = read_uncommitted
	key.deserializer = class org.apache.kafka.common.serialization.StringDeserializer
	max.partition.fetch.bytes = 1048576
	max.poll.interval.ms = 300000
	max.poll.records = 500
	metadata.max.age.ms = 300000
	metric.reporters = []
	metrics.num.samples = 2
	metrics.recording.level = INFO
	metrics.sample.window.ms = 30000
	partition.assignment.strategy = [class org.apache.kafka.clients.consumer.RangeAssignor, class org.apache.kafka.clients.consumer.CooperativeStickyAssignor]
	receive.buffer.bytes = 65536
	reconnect.backoff.max.ms = 1000
	reconnect.backoff.ms = 50
	request.timeout.ms = 30000
	retry.backoff.max.ms = 1000
	retry.backoff.ms = 100
	sasl.client.callback.handler.class = null
	sasl.jaas.config = null
	sasl.kerberos.kinit.cmd = /usr/bin/kinit
	sasl.kerberos.min.time.before.relogin = 60000
	sasl.kerberos.service.name = null
	sasl.kerberos.ticket.renew.jitter = 0.05
	sasl.kerberos.ticket.renew.window.factor = 0.8
	sasl.login.callback.handler.class = null
	sasl.login.class = null
	sasl.login.connect.timeout.ms = null
	sasl.login.read.timeout.ms = null
	sasl.login.refresh.buffer.seconds = 300
	sasl.login.refresh.min.period.seconds = 60
	sasl.login.refresh.window.factor = 0.8
	sasl.login.refresh.window.jitter = 0.05
	sasl.login.retry.backoff.max.ms = 10000
	sasl.login.retry.backoff.ms = 100
	sasl.mechanism = GSSAPI
	sasl.oauthbearer.clock.skew.seconds = 30
	sasl.oauthbearer.expected.audience = null
	sasl.oauthbearer.expected.issuer = null
	sasl.oauthbearer.jwks.endpoint.refresh.ms = 3600000
	sasl.oauthbearer.jwks.endpoint.retry.backoff.max.ms = 10000
	sasl.oauthbearer.jwks.endpoint.retry.backoff.ms = 100
	sasl.oauthbearer.jwks.endpoint.url = null
	sasl.oauthbearer.scope.claim.name = scope
	sasl.oauthbearer.sub.claim.name = sub
	sasl.oauthbearer.token.endpoint.url = null
	security.protocol = PLAINTEXT
	security.providers = null
	send.buffer.bytes = 131072
	session.timeout.ms = 45000
	socket.connection.setup.timeout.max.ms = 30000
	socket.connection.setup.timeout.ms = 10000
	ssl.cipher.suites = null
	ssl.enabled.protocols = [TLSv1.2, TLSv1.3]
	ssl.endpoint.identification.algorithm = https
	ssl.engine.factory.class = null
	ssl.key.password = null
	ssl.keymanager.algorithm = SunX509
	ssl.keystore.certificate.chain = null
	ssl.keystore.key = null
	ssl.keystore.location = null
	ssl.keystore.password = null
	ssl.keystore.type = JKS
	ssl.protocol = TLSv1.3
	ssl.provider = null
	ssl.secure.random.implementation = null
	ssl.trustmanager.algorithm = PKIX
	ssl.truststore.certificates = null
	ssl.truststore.location = null
	ssl.truststore.password = null
	ssl.truststore.type = JKS
	value.deserializer = class org.springframework.kafka.support.serializer.JsonDeserializer

2025-11-28 10:58:35 [restartedMain] INFO  o.a.k.c.t.i.KafkaMetricsCollector - initializing Kafka metrics collector
2025-11-28 10:58:35 [restartedMain] INFO  o.a.kafka.common.utils.AppInfoParser - Kafka version: 3.7.0
2025-11-28 10:58:35 [restartedMain] INFO  o.a.kafka.common.utils.AppInfoParser - Kafka commitId: 2ae524ed625438c5
2025-11-28 10:58:35 [restartedMain] INFO  o.a.kafka.common.utils.AppInfoParser - Kafka startTimeMs: 1764307715735
2025-11-28 10:58:35 [restartedMain] INFO  o.a.k.c.c.i.LegacyKafkaConsumer - [Consumer clientId=consumer-patient-group-2, groupId=patient-group] Subscribed to topic(s): bulk-patient-topic
2025-11-28 10:58:35 [restartedMain] INFO  c.example.demo.HospitalApplication - Started HospitalApplication in 9.742 seconds (process running for 10.526)
2025-11-28 10:58:36 [org.springframework.kafka.KafkaListenerEndpointContainer#0-0-C-1] INFO  org.apache.kafka.clients.Metadata - [Consumer clientId=consumer-medicine-group-1, groupId=medicine-group] Cluster ID: IJa5Qu-aQWecWlwq-4Fweg
2025-11-28 10:58:36 [org.springframework.kafka.KafkaListenerEndpointContainer#1-0-C-1] INFO  org.apache.kafka.clients.Metadata - [Consumer clientId=consumer-patient-group-2, groupId=patient-group] Cluster ID: IJa5Qu-aQWecWlwq-4Fweg
2025-11-28 10:58:36 [org.springframework.kafka.KafkaListenerEndpointContainer#1-0-C-1] INFO  o.a.k.c.c.i.ConsumerCoordinator - [Consumer clientId=consumer-patient-group-2, groupId=patient-group] Discovered group coordinator NLPULTP8105659.FPS.NIHILENT.com:9092 (id: 2147483647 rack: null)
2025-11-28 10:58:36 [org.springframework.kafka.KafkaListenerEndpointContainer#0-0-C-1] INFO  o.a.k.c.c.i.ConsumerCoordinator - [Consumer clientId=consumer-medicine-group-1, groupId=medicine-group] Discovered group coordinator NLPULTP8105659.FPS.NIHILENT.com:9092 (id: 2147483647 rack: null)
2025-11-28 10:58:36 [org.springframework.kafka.KafkaListenerEndpointContainer#1-0-C-1] INFO  o.a.k.c.c.i.ConsumerCoordinator - [Consumer clientId=consumer-patient-group-2, groupId=patient-group] (Re-)joining group
2025-11-28 10:58:36 [org.springframework.kafka.KafkaListenerEndpointContainer#0-0-C-1] INFO  o.a.k.c.c.i.ConsumerCoordinator - [Consumer clientId=consumer-medicine-group-1, groupId=medicine-group] (Re-)joining group
2025-11-28 10:58:36 [org.springframework.kafka.KafkaListenerEndpointContainer#0-0-C-1] INFO  o.a.k.c.c.i.ConsumerCoordinator - [Consumer clientId=consumer-medicine-group-1, groupId=medicine-group] Request joining group due to: need to re-join with the given member-id: consumer-medicine-group-1-ccd11668-7551-4b10-b358-5bcc117e2847
2025-11-28 10:58:36 [org.springframework.kafka.KafkaListenerEndpointContainer#1-0-C-1] INFO  o.a.k.c.c.i.ConsumerCoordinator - [Consumer clientId=consumer-patient-group-2, groupId=patient-group] Request joining group due to: need to re-join with the given member-id: consumer-patient-group-2-673a6734-a26b-42d3-a2a5-4c8f70166939
2025-11-28 10:58:36 [org.springframework.kafka.KafkaListenerEndpointContainer#0-0-C-1] INFO  o.a.k.c.c.i.ConsumerCoordinator - [Consumer clientId=consumer-medicine-group-1, groupId=medicine-group] (Re-)joining group
2025-11-28 10:58:36 [org.springframework.kafka.KafkaListenerEndpointContainer#1-0-C-1] INFO  o.a.k.c.c.i.ConsumerCoordinator - [Consumer clientId=consumer-patient-group-2, groupId=patient-group] (Re-)joining group
2025-11-28 10:58:36 [org.springframework.kafka.KafkaListenerEndpointContainer#1-0-C-1] INFO  o.a.k.c.c.i.ConsumerCoordinator - [Consumer clientId=consumer-patient-group-2, groupId=patient-group] Successfully joined group with generation Generation{generationId=13, memberId='consumer-patient-group-2-673a6734-a26b-42d3-a2a5-4c8f70166939', protocol='range'}
2025-11-28 10:58:36 [org.springframework.kafka.KafkaListenerEndpointContainer#0-0-C-1] INFO  o.a.k.c.c.i.ConsumerCoordinator - [Consumer clientId=consumer-medicine-group-1, groupId=medicine-group] Successfully joined group with generation Generation{generationId=13, memberId='consumer-medicine-group-1-ccd11668-7551-4b10-b358-5bcc117e2847', protocol='range'}
2025-11-28 10:58:36 [org.springframework.kafka.KafkaListenerEndpointContainer#0-0-C-1] INFO  o.a.k.c.c.i.ConsumerCoordinator - [Consumer clientId=consumer-medicine-group-1, groupId=medicine-group] Finished assignment for group at generation 13: {consumer-medicine-group-1-ccd11668-7551-4b10-b358-5bcc117e2847=Assignment(partitions=[bulk-medicine-upload-0])}
2025-11-28 10:58:36 [org.springframework.kafka.KafkaListenerEndpointContainer#1-0-C-1] INFO  o.a.k.c.c.i.ConsumerCoordinator - [Consumer clientId=consumer-patient-group-2, groupId=patient-group] Finished assignment for group at generation 13: {consumer-patient-group-2-673a6734-a26b-42d3-a2a5-4c8f70166939=Assignment(partitions=[bulk-patient-topic-0])}
2025-11-28 10:58:36 [org.springframework.kafka.KafkaListenerEndpointContainer#0-0-C-1] INFO  o.a.k.c.c.i.ConsumerCoordinator - [Consumer clientId=consumer-medicine-group-1, groupId=medicine-group] Successfully synced group in generation Generation{generationId=13, memberId='consumer-medicine-group-1-ccd11668-7551-4b10-b358-5bcc117e2847', protocol='range'}
2025-11-28 10:58:36 [org.springframework.kafka.KafkaListenerEndpointContainer#1-0-C-1] INFO  o.a.k.c.c.i.ConsumerCoordinator - [Consumer clientId=consumer-patient-group-2, groupId=patient-group] Successfully synced group in generation Generation{generationId=13, memberId='consumer-patient-group-2-673a6734-a26b-42d3-a2a5-4c8f70166939', protocol='range'}
2025-11-28 10:58:36 [org.springframework.kafka.KafkaListenerEndpointContainer#0-0-C-1] INFO  o.a.k.c.c.i.ConsumerCoordinator - [Consumer clientId=consumer-medicine-group-1, groupId=medicine-group] Notifying assignor about the new Assignment(partitions=[bulk-medicine-upload-0])
2025-11-28 10:58:36 [org.springframework.kafka.KafkaListenerEndpointContainer#1-0-C-1] INFO  o.a.k.c.c.i.ConsumerCoordinator - [Consumer clientId=consumer-patient-group-2, groupId=patient-group] Notifying assignor about the new Assignment(partitions=[bulk-patient-topic-0])
2025-11-28 10:58:36 [org.springframework.kafka.KafkaListenerEndpointContainer#1-0-C-1] INFO  o.a.k.c.c.i.ConsumerRebalanceListenerInvoker - [Consumer clientId=consumer-patient-group-2, groupId=patient-group] Adding newly assigned partitions: bulk-patient-topic-0
2025-11-28 10:58:36 [org.springframework.kafka.KafkaListenerEndpointContainer#0-0-C-1] INFO  o.a.k.c.c.i.ConsumerRebalanceListenerInvoker - [Consumer clientId=consumer-medicine-group-1, groupId=medicine-group] Adding newly assigned partitions: bulk-medicine-upload-0
2025-11-28 10:58:36 [org.springframework.kafka.KafkaListenerEndpointContainer#1-0-C-1] INFO  o.a.k.c.c.internals.ConsumerUtils - Setting offset for partition bulk-patient-topic-0 to the committed offset FetchPosition{offset=0, offsetEpoch=Optional.empty, currentLeader=LeaderAndEpoch{leader=Optional[NLPULTP8105659.FPS.NIHILENT.com:9092 (id: 0 rack: null)], epoch=0}}
2025-11-28 10:58:36 [org.springframework.kafka.KafkaListenerEndpointContainer#0-0-C-1] INFO  o.a.k.c.c.internals.ConsumerUtils - Setting offset for partition bulk-medicine-upload-0 to the committed offset FetchPosition{offset=0, offsetEpoch=Optional.empty, currentLeader=LeaderAndEpoch{leader=Optional[NLPULTP8105659.FPS.NIHILENT.com:9092 (id: 0 rack: null)], epoch=0}}
2025-11-28 10:58:36 [org.springframework.kafka.KafkaListenerEndpointContainer#1-0-C-1] INFO  o.s.k.l.KafkaMessageListenerContainer - patient-group: partitions assigned: [bulk-patient-topic-0]
2025-11-28 10:58:36 [org.springframework.kafka.KafkaListenerEndpointContainer#0-0-C-1] INFO  o.s.k.l.KafkaMessageListenerContainer - medicine-group: partitions assigned: [bulk-medicine-upload-0]
2025-11-28 11:07:36 [org.springframework.kafka.KafkaListenerEndpointContainer#0-0-C-1] INFO  o.apache.kafka.clients.NetworkClient - [Consumer clientId=consumer-medicine-group-1, groupId=medicine-group] Node -1 disconnected.
2025-11-28 11:07:36 [org.springframework.kafka.KafkaListenerEndpointContainer#1-0-C-1] INFO  o.apache.kafka.clients.NetworkClient - [Consumer clientId=consumer-patient-group-2, groupId=patient-group] Node -1 disconnected.
2025-11-28 11:17:36 [org.springframework.kafka.KafkaListenerEndpointContainer#1-0-C-1] INFO  o.apache.kafka.clients.NetworkClient - [Consumer clientId=consumer-patient-group-2, groupId=patient-group] Node -1 disconnected.
2025-11-28 11:17:36 [org.springframework.kafka.KafkaListenerEndpointContainer#0-0-C-1] INFO  o.apache.kafka.clients.NetworkClient - [Consumer clientId=consumer-medicine-group-1, groupId=medicine-group] Node -1 disconnected.
2025-11-28 11:51:21 [kafka-coordinator-heartbeat-thread | patient-group] INFO  o.a.k.c.c.i.ConsumerCoordinator - [Consumer clientId=consumer-patient-group-2, groupId=patient-group] Group coordinator NLPULTP8105659.FPS.NIHILENT.com:9092 (id: 2147483647 rack: null) is unavailable or invalid due to cause: session timed out without receiving a heartbeat response. isDisconnected: false. Rediscovery will be attempted.
2025-11-28 11:51:21 [kafka-coordinator-heartbeat-thread | medicine-group] INFO  o.a.k.c.c.i.ConsumerCoordinator - [Consumer clientId=consumer-medicine-group-1, groupId=medicine-group] Group coordinator NLPULTP8105659.FPS.NIHILENT.com:9092 (id: 2147483647 rack: null) is unavailable or invalid due to cause: session timed out without receiving a heartbeat response. isDisconnected: false. Rediscovery will be attempted.
2025-11-28 11:51:21 [kafka-coordinator-heartbeat-thread | patient-group] INFO  o.a.k.c.c.i.ConsumerCoordinator - [Consumer clientId=consumer-patient-group-2, groupId=patient-group] Requesting disconnect from last known coordinator NLPULTP8105659.FPS.NIHILENT.com:9092 (id: 2147483647 rack: null)
2025-11-28 11:51:21 [kafka-coordinator-heartbeat-thread | medicine-group] INFO  o.a.k.c.c.i.ConsumerCoordinator - [Consumer clientId=consumer-medicine-group-1, groupId=medicine-group] Requesting disconnect from last known coordinator NLPULTP8105659.FPS.NIHILENT.com:9092 (id: 2147483647 rack: null)
2025-11-28 11:51:21 [kafka-coordinator-heartbeat-thread | patient-group] INFO  o.apache.kafka.clients.NetworkClient - [Consumer clientId=consumer-patient-group-2, groupId=patient-group] Client requested disconnect from node 2147483647
2025-11-28 11:51:21 [org.springframework.kafka.KafkaListenerEndpointContainer#0-0-C-1] INFO  o.apache.kafka.clients.NetworkClient - [Consumer clientId=consumer-medicine-group-1, groupId=medicine-group] Client requested disconnect from node 2147483647
2025-11-28 11:51:21 [org.springframework.kafka.KafkaListenerEndpointContainer#1-0-C-1] INFO  o.a.k.c.c.i.ConsumerCoordinator - [Consumer clientId=consumer-patient-group-2, groupId=patient-group] Discovered group coordinator NLPULTP8105659.FPS.NIHILENT.com:9092 (id: 2147483647 rack: null)
2025-11-28 11:51:21 [org.springframework.kafka.KafkaListenerEndpointContainer#1-0-C-1] INFO  o.a.k.c.c.i.ConsumerCoordinator - [Consumer clientId=consumer-patient-group-2, groupId=patient-group] Group coordinator NLPULTP8105659.FPS.NIHILENT.com:9092 (id: 2147483647 rack: null) is unavailable or invalid due to cause: coordinator unavailable. isDisconnected: false. Rediscovery will be attempted.
2025-11-28 11:51:21 [org.springframework.kafka.KafkaListenerEndpointContainer#1-0-C-1] INFO  o.a.k.c.c.i.ConsumerCoordinator - [Consumer clientId=consumer-patient-group-2, groupId=patient-group] Requesting disconnect from last known coordinator NLPULTP8105659.FPS.NIHILENT.com:9092 (id: 2147483647 rack: null)
2025-11-28 11:51:21 [org.springframework.kafka.KafkaListenerEndpointContainer#0-0-C-1] INFO  o.a.k.c.c.i.ConsumerCoordinator - [Consumer clientId=consumer-medicine-group-1, groupId=medicine-group] Discovered group coordinator NLPULTP8105659.FPS.NIHILENT.com:9092 (id: 2147483647 rack: null)
2025-11-28 11:51:21 [org.springframework.kafka.KafkaListenerEndpointContainer#0-0-C-1] INFO  o.a.k.c.c.i.ConsumerCoordinator - [Consumer clientId=consumer-medicine-group-1, groupId=medicine-group] Group coordinator NLPULTP8105659.FPS.NIHILENT.com:9092 (id: 2147483647 rack: null) is unavailable or invalid due to cause: coordinator unavailable. isDisconnected: false. Rediscovery will be attempted.
2025-11-28 11:51:21 [org.springframework.kafka.KafkaListenerEndpointContainer#0-0-C-1] INFO  o.a.k.c.c.i.ConsumerCoordinator - [Consumer clientId=consumer-medicine-group-1, groupId=medicine-group] Requesting disconnect from last known coordinator NLPULTP8105659.FPS.NIHILENT.com:9092 (id: 2147483647 rack: null)
2025-11-28 11:51:21 [org.springframework.kafka.KafkaListenerEndpointContainer#0-0-C-1] INFO  o.a.k.c.c.i.ConsumerCoordinator - [Consumer clientId=consumer-medicine-group-1, groupId=medicine-group] Discovered group coordinator NLPULTP8105659.FPS.NIHILENT.com:9092 (id: 2147483647 rack: null)
2025-11-28 11:51:21 [org.springframework.kafka.KafkaListenerEndpointContainer#0-0-C-1] INFO  o.a.k.c.c.i.ConsumerCoordinator - [Consumer clientId=consumer-medicine-group-1, groupId=medicine-group] Attempt to heartbeat with Generation{generationId=13, memberId='consumer-medicine-group-1-ccd11668-7551-4b10-b358-5bcc117e2847', protocol='range'} and group instance id Optional.empty failed due to UNKNOWN_MEMBER_ID, resetting generation
2025-11-28 11:51:21 [org.springframework.kafka.KafkaListenerEndpointContainer#0-0-C-1] INFO  o.a.k.c.c.i.ConsumerCoordinator - [Consumer clientId=consumer-medicine-group-1, groupId=medicine-group] Resetting generation and member id due to: encountered UNKNOWN_MEMBER_ID from HEARTBEAT response
2025-11-28 11:51:21 [org.springframework.kafka.KafkaListenerEndpointContainer#0-0-C-1] INFO  o.a.k.c.c.i.ConsumerCoordinator - [Consumer clientId=consumer-medicine-group-1, groupId=medicine-group] Request joining group due to: encountered UNKNOWN_MEMBER_ID from HEARTBEAT response
2025-11-28 11:51:21 [org.springframework.kafka.KafkaListenerEndpointContainer#0-0-C-1] INFO  o.a.k.c.c.i.ConsumerCoordinator - [Consumer clientId=consumer-medicine-group-1, groupId=medicine-group] Giving away all assigned partitions as lost since generation/memberID has been reset,indicating that consumer is in old state or no longer part of the group
2025-11-28 11:51:21 [org.springframework.kafka.KafkaListenerEndpointContainer#0-0-C-1] INFO  o.a.k.c.c.i.ConsumerRebalanceListenerInvoker - [Consumer clientId=consumer-medicine-group-1, groupId=medicine-group] Lost previously assigned partitions bulk-medicine-upload-0
2025-11-28 11:51:21 [org.springframework.kafka.KafkaListenerEndpointContainer#1-0-C-1] INFO  o.a.k.c.c.i.ConsumerCoordinator - [Consumer clientId=consumer-patient-group-2, groupId=patient-group] Discovered group coordinator NLPULTP8105659.FPS.NIHILENT.com:9092 (id: 2147483647 rack: null)
2025-11-28 11:51:21 [org.springframework.kafka.KafkaListenerEndpointContainer#0-0-C-1] INFO  o.s.k.l.KafkaMessageListenerContainer - medicine-group: partitions lost: [bulk-medicine-upload-0]
2025-11-28 11:51:21 [org.springframework.kafka.KafkaListenerEndpointContainer#1-0-C-1] INFO  o.a.k.c.c.i.ConsumerCoordinator - [Consumer clientId=consumer-patient-group-2, groupId=patient-group] Attempt to heartbeat with Generation{generationId=13, memberId='consumer-patient-group-2-673a6734-a26b-42d3-a2a5-4c8f70166939', protocol='range'} and group instance id Optional.empty failed due to UNKNOWN_MEMBER_ID, resetting generation
2025-11-28 11:51:21 [org.springframework.kafka.KafkaListenerEndpointContainer#1-0-C-1] INFO  o.a.k.c.c.i.ConsumerCoordinator - [Consumer clientId=consumer-patient-group-2, groupId=patient-group] Resetting generation and member id due to: encountered UNKNOWN_MEMBER_ID from HEARTBEAT response
2025-11-28 11:51:21 [org.springframework.kafka.KafkaListenerEndpointContainer#1-0-C-1] INFO  o.a.k.c.c.i.ConsumerCoordinator - [Consumer clientId=consumer-patient-group-2, groupId=patient-group] Request joining group due to: encountered UNKNOWN_MEMBER_ID from HEARTBEAT response
2025-11-28 11:51:21 [org.springframework.kafka.KafkaListenerEndpointContainer#1-0-C-1] INFO  o.a.k.c.c.i.ConsumerCoordinator - [Consumer clientId=consumer-patient-group-2, groupId=patient-group] Giving away all assigned partitions as lost since generation/memberID has been reset,indicating that consumer is in old state or no longer part of the group
2025-11-28 11:51:21 [org.springframework.kafka.KafkaListenerEndpointContainer#1-0-C-1] INFO  o.a.k.c.c.i.ConsumerRebalanceListenerInvoker - [Consumer clientId=consumer-patient-group-2, groupId=patient-group] Lost previously assigned partitions bulk-patient-topic-0
2025-11-28 11:51:21 [org.springframework.kafka.KafkaListenerEndpointContainer#1-0-C-1] INFO  o.s.k.l.KafkaMessageListenerContainer - patient-group: partitions lost: [bulk-patient-topic-0]
2025-11-28 11:51:21 [org.springframework.kafka.KafkaListenerEndpointContainer#1-0-C-1] INFO  o.s.k.l.KafkaMessageListenerContainer - patient-group: partitions revoked: [bulk-patient-topic-0]
2025-11-28 11:51:21 [org.springframework.kafka.KafkaListenerEndpointContainer#0-0-C-1] INFO  o.s.k.l.KafkaMessageListenerContainer - medicine-group: partitions revoked: [bulk-medicine-upload-0]
2025-11-28 11:51:21 [org.springframework.kafka.KafkaListenerEndpointContainer#1-0-C-1] INFO  o.a.k.c.c.i.ConsumerCoordinator - [Consumer clientId=consumer-patient-group-2, groupId=patient-group] (Re-)joining group
2025-11-28 11:51:21 [org.springframework.kafka.KafkaListenerEndpointContainer#0-0-C-1] INFO  o.a.k.c.c.i.ConsumerCoordinator - [Consumer clientId=consumer-medicine-group-1, groupId=medicine-group] (Re-)joining group
2025-11-28 11:51:21 [org.springframework.kafka.KafkaListenerEndpointContainer#0-0-C-1] INFO  o.a.k.c.c.i.ConsumerCoordinator - [Consumer clientId=consumer-medicine-group-1, groupId=medicine-group] Request joining group due to: need to re-join with the given member-id: consumer-medicine-group-1-16073f50-ba89-4f54-bc2c-b374fd138214
2025-11-28 11:51:21 [org.springframework.kafka.KafkaListenerEndpointContainer#0-0-C-1] INFO  o.a.k.c.c.i.ConsumerCoordinator - [Consumer clientId=consumer-medicine-group-1, groupId=medicine-group] (Re-)joining group
2025-11-28 11:51:21 [org.springframework.kafka.KafkaListenerEndpointContainer#1-0-C-1] INFO  o.a.k.c.c.i.ConsumerCoordinator - [Consumer clientId=consumer-patient-group-2, groupId=patient-group] Request joining group due to: need to re-join with the given member-id: consumer-patient-group-2-ed7f1af2-afb9-417c-90a8-603d2221a7c9
2025-11-28 11:51:21 [org.springframework.kafka.KafkaListenerEndpointContainer#1-0-C-1] INFO  o.a.k.c.c.i.ConsumerCoordinator - [Consumer clientId=consumer-patient-group-2, groupId=patient-group] (Re-)joining group
2025-11-28 11:51:21 [org.springframework.kafka.KafkaListenerEndpointContainer#0-0-C-1] INFO  o.a.k.c.c.i.ConsumerCoordinator - [Consumer clientId=consumer-medicine-group-1, groupId=medicine-group] Successfully joined group with generation Generation{generationId=15, memberId='consumer-medicine-group-1-16073f50-ba89-4f54-bc2c-b374fd138214', protocol='range'}
2025-11-28 11:51:21 [org.springframework.kafka.KafkaListenerEndpointContainer#1-0-C-1] INFO  o.a.k.c.c.i.ConsumerCoordinator - [Consumer clientId=consumer-patient-group-2, groupId=patient-group] Successfully joined group with generation Generation{generationId=15, memberId='consumer-patient-group-2-ed7f1af2-afb9-417c-90a8-603d2221a7c9', protocol='range'}
2025-11-28 11:51:21 [org.springframework.kafka.KafkaListenerEndpointContainer#0-0-C-1] INFO  o.a.k.c.c.i.ConsumerCoordinator - [Consumer clientId=consumer-medicine-group-1, groupId=medicine-group] Finished assignment for group at generation 15: {consumer-medicine-group-1-16073f50-ba89-4f54-bc2c-b374fd138214=Assignment(partitions=[bulk-medicine-upload-0])}
2025-11-28 11:51:21 [org.springframework.kafka.KafkaListenerEndpointContainer#1-0-C-1] INFO  o.a.k.c.c.i.ConsumerCoordinator - [Consumer clientId=consumer-patient-group-2, groupId=patient-group] Finished assignment for group at generation 15: {consumer-patient-group-2-ed7f1af2-afb9-417c-90a8-603d2221a7c9=Assignment(partitions=[bulk-patient-topic-0])}
2025-11-28 11:51:21 [org.springframework.kafka.KafkaListenerEndpointContainer#0-0-C-1] INFO  o.a.k.c.c.i.ConsumerCoordinator - [Consumer clientId=consumer-medicine-group-1, groupId=medicine-group] Successfully synced group in generation Generation{generationId=15, memberId='consumer-medicine-group-1-16073f50-ba89-4f54-bc2c-b374fd138214', protocol='range'}
2025-11-28 11:51:21 [org.springframework.kafka.KafkaListenerEndpointContainer#1-0-C-1] INFO  o.a.k.c.c.i.ConsumerCoordinator - [Consumer clientId=consumer-patient-group-2, groupId=patient-group] Successfully synced group in generation Generation{generationId=15, memberId='consumer-patient-group-2-ed7f1af2-afb9-417c-90a8-603d2221a7c9', protocol='range'}
2025-11-28 11:51:21 [org.springframework.kafka.KafkaListenerEndpointContainer#0-0-C-1] INFO  o.a.k.c.c.i.ConsumerCoordinator - [Consumer clientId=consumer-medicine-group-1, groupId=medicine-group] Notifying assignor about the new Assignment(partitions=[bulk-medicine-upload-0])
2025-11-28 11:51:21 [org.springframework.kafka.KafkaListenerEndpointContainer#0-0-C-1] INFO  o.a.k.c.c.i.ConsumerRebalanceListenerInvoker - [Consumer clientId=consumer-medicine-group-1, groupId=medicine-group] Adding newly assigned partitions: bulk-medicine-upload-0
2025-11-28 11:51:21 [org.springframework.kafka.KafkaListenerEndpointContainer#1-0-C-1] INFO  o.a.k.c.c.i.ConsumerCoordinator - [Consumer clientId=consumer-patient-group-2, groupId=patient-group] Notifying assignor about the new Assignment(partitions=[bulk-patient-topic-0])
2025-11-28 11:51:21 [org.springframework.kafka.KafkaListenerEndpointContainer#1-0-C-1] INFO  o.a.k.c.c.i.ConsumerRebalanceListenerInvoker - [Consumer clientId=consumer-patient-group-2, groupId=patient-group] Adding newly assigned partitions: bulk-patient-topic-0
2025-11-28 11:51:21 [org.springframework.kafka.KafkaListenerEndpointContainer#1-0-C-1] INFO  o.a.k.c.c.internals.ConsumerUtils - Setting offset for partition bulk-patient-topic-0 to the committed offset FetchPosition{offset=0, offsetEpoch=Optional.empty, currentLeader=LeaderAndEpoch{leader=Optional[NLPULTP8105659.FPS.NIHILENT.com:9092 (id: 0 rack: null)], epoch=0}}
2025-11-28 11:51:21 [org.springframework.kafka.KafkaListenerEndpointContainer#1-0-C-1] INFO  o.s.k.l.KafkaMessageListenerContainer - patient-group: partitions assigned: [bulk-patient-topic-0]
2025-11-28 11:51:21 [org.springframework.kafka.KafkaListenerEndpointContainer#0-0-C-1] INFO  o.a.k.c.c.internals.ConsumerUtils - Setting offset for partition bulk-medicine-upload-0 to the committed offset FetchPosition{offset=0, offsetEpoch=Optional.empty, currentLeader=LeaderAndEpoch{leader=Optional[NLPULTP8105659.FPS.NIHILENT.com:9092 (id: 0 rack: null)], epoch=0}}
2025-11-28 11:51:21 [org.springframework.kafka.KafkaListenerEndpointContainer#0-0-C-1] INFO  o.s.k.l.KafkaMessageListenerContainer - medicine-group: partitions assigned: [bulk-medicine-upload-0]
2025-11-28 11:51:26 [HikariPool-1:housekeeper] WARN  com.zaxxer.hikari.pool.HikariPool - HikariPool-1 - Thread starvation or clock leap detected (housekeeper delta=2m55s705ms796s800ns).
2025-11-28 14:34:08 [org.springframework.kafka.KafkaListenerEndpointContainer#1-0-C-1] INFO  o.apache.kafka.clients.NetworkClient - [Consumer clientId=consumer-patient-group-2, groupId=patient-group] Node 0 disconnected.
2025-11-28 14:34:08 [org.springframework.kafka.KafkaListenerEndpointContainer#0-0-C-1] INFO  o.apache.kafka.clients.NetworkClient - [Consumer clientId=consumer-medicine-group-1, groupId=medicine-group] Node 0 disconnected.
2025-11-28 14:34:08 [org.springframework.kafka.KafkaListenerEndpointContainer#1-0-C-1] INFO  o.apache.kafka.clients.NetworkClient - [Consumer clientId=consumer-patient-group-2, groupId=patient-group] Cancelled in-flight FETCH request with correlation id 25115 due to node 0 being disconnected (elapsed time since creation: 1840661ms, elapsed time since send: 1840661ms, request timeout: 30000ms)
2025-11-28 14:34:08 [org.springframework.kafka.KafkaListenerEndpointContainer#0-0-C-1] INFO  o.apache.kafka.clients.NetworkClient - [Consumer clientId=consumer-medicine-group-1, groupId=medicine-group] Cancelled in-flight FETCH request with correlation id 25115 due to node 0 being disconnected (elapsed time since creation: 1840716ms, elapsed time since send: 1840716ms, request timeout: 30000ms)
2025-11-28 14:34:08 [org.springframework.kafka.KafkaListenerEndpointContainer#1-0-C-1] INFO  o.apache.kafka.clients.NetworkClient - [Consumer clientId=consumer-patient-group-2, groupId=patient-group] Node 2147483647 disconnected.
2025-11-28 14:34:08 [org.springframework.kafka.KafkaListenerEndpointContainer#1-0-C-1] INFO  o.a.k.clients.FetchSessionHandler - [Consumer clientId=consumer-patient-group-2, groupId=patient-group] Error sending fetch request (sessionId=273739056, epoch=21386) to node 0:
org.apache.kafka.common.errors.DisconnectException: null
2025-11-28 14:34:08 [kafka-coordinator-heartbeat-thread | patient-group] INFO  o.a.k.c.c.i.ConsumerCoordinator - [Consumer clientId=consumer-patient-group-2, groupId=patient-group] Group coordinator NLPULTP8105659.FPS.NIHILENT.com:9092 (id: 2147483647 rack: null) is unavailable or invalid due to cause: session timed out without receiving a heartbeat response. isDisconnected: false. Rediscovery will be attempted.
2025-11-28 14:34:08 [kafka-coordinator-heartbeat-thread | patient-group] INFO  o.a.k.c.c.i.ConsumerCoordinator - [Consumer clientId=consumer-patient-group-2, groupId=patient-group] Requesting disconnect from last known coordinator NLPULTP8105659.FPS.NIHILENT.com:9092 (id: 2147483647 rack: null)
2025-11-28 14:34:08 [org.springframework.kafka.KafkaListenerEndpointContainer#0-0-C-1] INFO  o.apache.kafka.clients.NetworkClient - [Consumer clientId=consumer-medicine-group-1, groupId=medicine-group] Node 2147483647 disconnected.
2025-11-28 14:34:08 [kafka-coordinator-heartbeat-thread | medicine-group] INFO  o.a.k.clients.FetchSessionHandler - [Consumer clientId=consumer-medicine-group-1, groupId=medicine-group] Error sending fetch request (sessionId=180605867, epoch=21386) to node 0:
org.apache.kafka.common.errors.DisconnectException: null
2025-11-28 14:34:08 [kafka-coordinator-heartbeat-thread | medicine-group] INFO  o.a.k.c.c.i.ConsumerCoordinator - [Consumer clientId=consumer-medicine-group-1, groupId=medicine-group] Group coordinator NLPULTP8105659.FPS.NIHILENT.com:9092 (id: 2147483647 rack: null) is unavailable or invalid due to cause: session timed out without receiving a heartbeat response. isDisconnected: false. Rediscovery will be attempted.
2025-11-28 14:34:08 [kafka-coordinator-heartbeat-thread | medicine-group] INFO  o.a.k.c.c.i.ConsumerCoordinator - [Consumer clientId=consumer-medicine-group-1, groupId=medicine-group] Requesting disconnect from last known coordinator NLPULTP8105659.FPS.NIHILENT.com:9092 (id: 2147483647 rack: null)
2025-11-28 14:34:08 [org.springframework.kafka.KafkaListenerEndpointContainer#1-0-C-1] INFO  o.a.k.c.c.i.ConsumerCoordinator - [Consumer clientId=consumer-patient-group-2, groupId=patient-group] Discovered group coordinator NLPULTP8105659.FPS.NIHILENT.com:9092 (id: 2147483647 rack: null)
2025-11-28 14:34:08 [org.springframework.kafka.KafkaListenerEndpointContainer#0-0-C-1] INFO  o.a.k.c.c.i.ConsumerCoordinator - [Consumer clientId=consumer-medicine-group-1, groupId=medicine-group] Discovered group coordinator NLPULTP8105659.FPS.NIHILENT.com:9092 (id: 2147483647 rack: null)
2025-11-28 14:34:08 [org.springframework.kafka.KafkaListenerEndpointContainer#0-0-C-1] INFO  o.a.k.c.c.i.ConsumerCoordinator - [Consumer clientId=consumer-medicine-group-1, groupId=medicine-group] Discovered group coordinator NLPULTP8105659.FPS.NIHILENT.com:9092 (id: 2147483647 rack: null)
2025-11-28 14:34:08 [org.springframework.kafka.KafkaListenerEndpointContainer#0-0-C-1] INFO  o.a.k.c.c.i.ConsumerCoordinator - [Consumer clientId=consumer-medicine-group-1, groupId=medicine-group] Attempt to heartbeat with Generation{generationId=15, memberId='consumer-medicine-group-1-16073f50-ba89-4f54-bc2c-b374fd138214', protocol='range'} and group instance id Optional.empty failed due to UNKNOWN_MEMBER_ID, resetting generation
2025-11-28 14:34:08 [org.springframework.kafka.KafkaListenerEndpointContainer#0-0-C-1] INFO  o.a.k.c.c.i.ConsumerCoordinator - [Consumer clientId=consumer-medicine-group-1, groupId=medicine-group] Resetting generation and member id due to: encountered UNKNOWN_MEMBER_ID from HEARTBEAT response
2025-11-28 14:34:08 [org.springframework.kafka.KafkaListenerEndpointContainer#0-0-C-1] INFO  o.a.k.c.c.i.ConsumerCoordinator - [Consumer clientId=consumer-medicine-group-1, groupId=medicine-group] Request joining group due to: encountered UNKNOWN_MEMBER_ID from HEARTBEAT response
2025-11-28 14:34:08 [org.springframework.kafka.KafkaListenerEndpointContainer#0-0-C-1] INFO  o.a.k.c.c.i.ConsumerCoordinator - [Consumer clientId=consumer-medicine-group-1, groupId=medicine-group] Giving away all assigned partitions as lost since generation/memberID has been reset,indicating that consumer is in old state or no longer part of the group
2025-11-28 14:34:08 [org.springframework.kafka.KafkaListenerEndpointContainer#0-0-C-1] INFO  o.a.k.c.c.i.ConsumerRebalanceListenerInvoker - [Consumer clientId=consumer-medicine-group-1, groupId=medicine-group] Lost previously assigned partitions bulk-medicine-upload-0
2025-11-28 14:34:08 [org.springframework.kafka.KafkaListenerEndpointContainer#0-0-C-1] INFO  o.s.k.l.KafkaMessageListenerContainer - medicine-group: partitions lost: [bulk-medicine-upload-0]
2025-11-28 14:34:08 [org.springframework.kafka.KafkaListenerEndpointContainer#0-0-C-1] INFO  o.s.k.l.KafkaMessageListenerContainer - medicine-group: partitions revoked: [bulk-medicine-upload-0]
2025-11-28 14:34:08 [org.springframework.kafka.KafkaListenerEndpointContainer#0-0-C-1] INFO  o.a.k.c.c.i.ConsumerCoordinator - [Consumer clientId=consumer-medicine-group-1, groupId=medicine-group] (Re-)joining group
2025-11-28 14:34:09 [org.springframework.kafka.KafkaListenerEndpointContainer#0-0-C-1] INFO  o.a.k.c.c.i.ConsumerCoordinator - [Consumer clientId=consumer-medicine-group-1, groupId=medicine-group] Request joining group due to: need to re-join with the given member-id: consumer-medicine-group-1-c6a0d8e4-d377-4762-bb6f-3fc57bcb638a
2025-11-28 14:34:09 [org.springframework.kafka.KafkaListenerEndpointContainer#0-0-C-1] INFO  o.a.k.c.c.i.ConsumerCoordinator - [Consumer clientId=consumer-medicine-group-1, groupId=medicine-group] (Re-)joining group
2025-11-28 14:34:09 [org.springframework.kafka.KafkaListenerEndpointContainer#1-0-C-1] INFO  o.a.k.c.c.i.ConsumerCoordinator - [Consumer clientId=consumer-patient-group-2, groupId=patient-group] Attempt to heartbeat with Generation{generationId=15, memberId='consumer-patient-group-2-ed7f1af2-afb9-417c-90a8-603d2221a7c9', protocol='range'} and group instance id Optional.empty failed due to UNKNOWN_MEMBER_ID, resetting generation
2025-11-28 14:34:09 [org.springframework.kafka.KafkaListenerEndpointContainer#1-0-C-1] INFO  o.a.k.c.c.i.ConsumerCoordinator - [Consumer clientId=consumer-patient-group-2, groupId=patient-group] Resetting generation and member id due to: encountered UNKNOWN_MEMBER_ID from HEARTBEAT response
2025-11-28 14:34:09 [org.springframework.kafka.KafkaListenerEndpointContainer#1-0-C-1] INFO  o.a.k.c.c.i.ConsumerCoordinator - [Consumer clientId=consumer-patient-group-2, groupId=patient-group] Request joining group due to: encountered UNKNOWN_MEMBER_ID from HEARTBEAT response
2025-11-28 14:34:09 [org.springframework.kafka.KafkaListenerEndpointContainer#1-0-C-1] INFO  o.a.k.c.c.i.ConsumerCoordinator - [Consumer clientId=consumer-patient-group-2, groupId=patient-group] Giving away all assigned partitions as lost since generation/memberID has been reset,indicating that consumer is in old state or no longer part of the group
2025-11-28 14:34:09 [org.springframework.kafka.KafkaListenerEndpointContainer#1-0-C-1] INFO  o.a.k.c.c.i.ConsumerRebalanceListenerInvoker - [Consumer clientId=consumer-patient-group-2, groupId=patient-group] Lost previously assigned partitions bulk-patient-topic-0
2025-11-28 14:34:09 [org.springframework.kafka.KafkaListenerEndpointContainer#1-0-C-1] INFO  o.s.k.l.KafkaMessageListenerContainer - patient-group: partitions lost: [bulk-patient-topic-0]
2025-11-28 14:34:09 [org.springframework.kafka.KafkaListenerEndpointContainer#1-0-C-1] INFO  o.s.k.l.KafkaMessageListenerContainer - patient-group: partitions revoked: [bulk-patient-topic-0]
2025-11-28 14:34:09 [org.springframework.kafka.KafkaListenerEndpointContainer#1-0-C-1] INFO  o.a.k.c.c.i.ConsumerCoordinator - [Consumer clientId=consumer-patient-group-2, groupId=patient-group] (Re-)joining group
2025-11-28 14:34:09 [org.springframework.kafka.KafkaListenerEndpointContainer#1-0-C-1] INFO  o.a.k.c.c.i.ConsumerCoordinator - [Consumer clientId=consumer-patient-group-2, groupId=patient-group] Request joining group due to: need to re-join with the given member-id: consumer-patient-group-2-a639b793-9c60-476a-af54-58dadd74ceb8
2025-11-28 14:34:09 [org.springframework.kafka.KafkaListenerEndpointContainer#1-0-C-1] INFO  o.a.k.c.c.i.ConsumerCoordinator - [Consumer clientId=consumer-patient-group-2, groupId=patient-group] (Re-)joining group
2025-11-28 14:34:09 [HikariPool-1:housekeeper] WARN  com.zaxxer.hikari.pool.HikariPool - HikariPool-1 - Thread starvation or clock leap detected (housekeeper delta=31m10s394ms857s300ns).
2025-11-28 14:34:09 [org.springframework.kafka.KafkaListenerEndpointContainer#0-0-C-1] INFO  o.a.k.c.c.i.ConsumerCoordinator - [Consumer clientId=consumer-medicine-group-1, groupId=medicine-group] Successfully joined group with generation Generation{generationId=17, memberId='consumer-medicine-group-1-c6a0d8e4-d377-4762-bb6f-3fc57bcb638a', protocol='range'}
2025-11-28 14:34:09 [org.springframework.kafka.KafkaListenerEndpointContainer#0-0-C-1] INFO  o.a.k.c.c.i.ConsumerCoordinator - [Consumer clientId=consumer-medicine-group-1, groupId=medicine-group] Finished assignment for group at generation 17: {consumer-medicine-group-1-c6a0d8e4-d377-4762-bb6f-3fc57bcb638a=Assignment(partitions=[bulk-medicine-upload-0])}
2025-11-28 14:34:09 [org.springframework.kafka.KafkaListenerEndpointContainer#1-0-C-1] INFO  o.a.k.c.c.i.ConsumerCoordinator - [Consumer clientId=consumer-patient-group-2, groupId=patient-group] Successfully joined group with generation Generation{generationId=17, memberId='consumer-patient-group-2-a639b793-9c60-476a-af54-58dadd74ceb8', protocol='range'}
2025-11-28 14:34:09 [org.springframework.kafka.KafkaListenerEndpointContainer#1-0-C-1] INFO  o.a.k.c.c.i.ConsumerCoordinator - [Consumer clientId=consumer-patient-group-2, groupId=patient-group] Finished assignment for group at generation 17: {consumer-patient-group-2-a639b793-9c60-476a-af54-58dadd74ceb8=Assignment(partitions=[bulk-patient-topic-0])}
2025-11-28 14:34:09 [org.springframework.kafka.KafkaListenerEndpointContainer#1-0-C-1] INFO  o.a.k.c.c.i.ConsumerCoordinator - [Consumer clientId=consumer-patient-group-2, groupId=patient-group] Successfully synced group in generation Generation{generationId=17, memberId='consumer-patient-group-2-a639b793-9c60-476a-af54-58dadd74ceb8', protocol='range'}
2025-11-28 14:34:09 [org.springframework.kafka.KafkaListenerEndpointContainer#1-0-C-1] INFO  o.a.k.c.c.i.ConsumerCoordinator - [Consumer clientId=consumer-patient-group-2, groupId=patient-group] Notifying assignor about the new Assignment(partitions=[bulk-patient-topic-0])
2025-11-28 14:34:09 [org.springframework.kafka.KafkaListenerEndpointContainer#1-0-C-1] INFO  o.a.k.c.c.i.ConsumerRebalanceListenerInvoker - [Consumer clientId=consumer-patient-group-2, groupId=patient-group] Adding newly assigned partitions: bulk-patient-topic-0
2025-11-28 14:34:09 [org.springframework.kafka.KafkaListenerEndpointContainer#0-0-C-1] INFO  o.a.k.c.c.i.ConsumerCoordinator - [Consumer clientId=consumer-medicine-group-1, groupId=medicine-group] Successfully synced group in generation Generation{generationId=17, memberId='consumer-medicine-group-1-c6a0d8e4-d377-4762-bb6f-3fc57bcb638a', protocol='range'}
2025-11-28 14:34:11 [org.springframework.kafka.KafkaListenerEndpointContainer#0-0-C-1] INFO  o.a.k.c.c.i.ConsumerCoordinator - [Consumer clientId=consumer-medicine-group-1, groupId=medicine-group] Notifying assignor about the new Assignment(partitions=[bulk-medicine-upload-0])
2025-11-28 14:34:11 [org.springframework.kafka.KafkaListenerEndpointContainer#0-0-C-1] INFO  o.a.k.c.c.i.ConsumerRebalanceListenerInvoker - [Consumer clientId=consumer-medicine-group-1, groupId=medicine-group] Adding newly assigned partitions: bulk-medicine-upload-0
2025-11-28 14:34:11 [org.springframework.kafka.KafkaListenerEndpointContainer#0-0-C-1] INFO  o.a.k.c.c.internals.ConsumerUtils - Setting offset for partition bulk-medicine-upload-0 to the committed offset FetchPosition{offset=0, offsetEpoch=Optional.empty, currentLeader=LeaderAndEpoch{leader=Optional[NLPULTP8105659.FPS.NIHILENT.com:9092 (id: 0 rack: null)], epoch=0}}
2025-11-28 14:34:11 [org.springframework.kafka.KafkaListenerEndpointContainer#1-0-C-1] INFO  o.a.k.c.c.internals.ConsumerUtils - Setting offset for partition bulk-patient-topic-0 to the committed offset FetchPosition{offset=0, offsetEpoch=Optional.empty, currentLeader=LeaderAndEpoch{leader=Optional[NLPULTP8105659.FPS.NIHILENT.com:9092 (id: 0 rack: null)], epoch=0}}
2025-11-28 14:34:11 [org.springframework.kafka.KafkaListenerEndpointContainer#1-0-C-1] INFO  o.s.k.l.KafkaMessageListenerContainer - patient-group: partitions assigned: [bulk-patient-topic-0]
2025-11-28 14:34:11 [org.springframework.kafka.KafkaListenerEndpointContainer#0-0-C-1] INFO  o.s.k.l.KafkaMessageListenerContainer - medicine-group: partitions assigned: [bulk-medicine-upload-0]
2025-11-28 15:39:25 [org.springframework.kafka.KafkaListenerEndpointContainer#0-0-C-1] INFO  o.apache.kafka.clients.NetworkClient - [Consumer clientId=consumer-medicine-group-1, groupId=medicine-group] Node 0 disconnected.
2025-11-28 15:39:25 [org.springframework.kafka.KafkaListenerEndpointContainer#0-0-C-1] INFO  o.apache.kafka.clients.NetworkClient - [Consumer clientId=consumer-medicine-group-1, groupId=medicine-group] Cancelled in-flight FETCH request with correlation id 31169 due to node 0 being disconnected (elapsed time since creation: 1282517ms, elapsed time since send: 1282517ms, request timeout: 30000ms)
2025-11-28 15:39:25 [org.springframework.kafka.KafkaListenerEndpointContainer#0-0-C-1] INFO  o.apache.kafka.clients.NetworkClient - [Consumer clientId=consumer-medicine-group-1, groupId=medicine-group] Node 2147483647 disconnected.
2025-11-28 15:39:25 [org.springframework.kafka.KafkaListenerEndpointContainer#0-0-C-1] INFO  o.a.k.clients.FetchSessionHandler - [Consumer clientId=consumer-medicine-group-1, groupId=medicine-group] Error sending fetch request (sessionId=1021261516, epoch=5150) to node 0:
org.apache.kafka.common.errors.DisconnectException: null
2025-11-28 15:39:25 [kafka-coordinator-heartbeat-thread | medicine-group] INFO  o.a.k.c.c.i.ConsumerCoordinator - [Consumer clientId=consumer-medicine-group-1, groupId=medicine-group] Group coordinator NLPULTP8105659.FPS.NIHILENT.com:9092 (id: 2147483647 rack: null) is unavailable or invalid due to cause: coordinator unavailable. isDisconnected: true. Rediscovery will be attempted.
2025-11-28 15:39:25 [org.springframework.kafka.KafkaListenerEndpointContainer#1-0-C-1] INFO  o.apache.kafka.clients.NetworkClient - [Consumer clientId=consumer-patient-group-2, groupId=patient-group] Node 2147483647 disconnected.
2025-11-28 15:39:25 [org.springframework.kafka.KafkaListenerEndpointContainer#1-0-C-1] INFO  o.apache.kafka.clients.NetworkClient - [Consumer clientId=consumer-patient-group-2, groupId=patient-group] Disconnecting from node 0 due to request timeout.
2025-11-28 15:39:25 [org.springframework.kafka.KafkaListenerEndpointContainer#1-0-C-1] INFO  o.apache.kafka.clients.NetworkClient - [Consumer clientId=consumer-patient-group-2, groupId=patient-group] Cancelled in-flight FETCH request with correlation id 31168 due to node 0 being disconnected (elapsed time since creation: 1282614ms, elapsed time since send: 1282614ms, request timeout: 30000ms)
2025-11-28 15:39:25 [org.springframework.kafka.KafkaListenerEndpointContainer#1-0-C-1] INFO  o.a.k.clients.FetchSessionHandler - [Consumer clientId=consumer-patient-group-2, groupId=patient-group] Error sending fetch request (sessionId=796175521, epoch=5150) to node 0:
org.apache.kafka.common.errors.DisconnectException: null
2025-11-28 15:39:25 [kafka-coordinator-heartbeat-thread | patient-group] INFO  o.a.k.c.c.i.ConsumerCoordinator - [Consumer clientId=consumer-patient-group-2, groupId=patient-group] Group coordinator NLPULTP8105659.FPS.NIHILENT.com:9092 (id: 2147483647 rack: null) is unavailable or invalid due to cause: coordinator unavailable. isDisconnected: true. Rediscovery will be attempted.
2025-11-28 15:39:25 [org.springframework.kafka.KafkaListenerEndpointContainer#0-0-C-1] INFO  o.a.k.c.c.i.ConsumerCoordinator - [Consumer clientId=consumer-medicine-group-1, groupId=medicine-group] Discovered group coordinator NLPULTP8105659.FPS.NIHILENT.com:9092 (id: 2147483647 rack: null)
2025-11-28 15:39:25 [org.springframework.kafka.KafkaListenerEndpointContainer#0-0-C-1] INFO  o.a.k.c.c.i.ConsumerCoordinator - [Consumer clientId=consumer-medicine-group-1, groupId=medicine-group] Attempt to heartbeat with Generation{generationId=17, memberId='consumer-medicine-group-1-c6a0d8e4-d377-4762-bb6f-3fc57bcb638a', protocol='range'} and group instance id Optional.empty failed due to UNKNOWN_MEMBER_ID, resetting generation
2025-11-28 15:39:25 [org.springframework.kafka.KafkaListenerEndpointContainer#0-0-C-1] INFO  o.a.k.c.c.i.ConsumerCoordinator - [Consumer clientId=consumer-medicine-group-1, groupId=medicine-group] Resetting generation and member id due to: encountered UNKNOWN_MEMBER_ID from HEARTBEAT response
2025-11-28 15:39:25 [org.springframework.kafka.KafkaListenerEndpointContainer#0-0-C-1] INFO  o.a.k.c.c.i.ConsumerCoordinator - [Consumer clientId=consumer-medicine-group-1, groupId=medicine-group] Request joining group due to: encountered UNKNOWN_MEMBER_ID from HEARTBEAT response
2025-11-28 15:39:25 [org.springframework.kafka.KafkaListenerEndpointContainer#0-0-C-1] INFO  o.a.k.c.c.i.ConsumerCoordinator - [Consumer clientId=consumer-medicine-group-1, groupId=medicine-group] Giving away all assigned partitions as lost since generation/memberID has been reset,indicating that consumer is in old state or no longer part of the group
2025-11-28 15:39:25 [org.springframework.kafka.KafkaListenerEndpointContainer#0-0-C-1] INFO  o.a.k.c.c.i.ConsumerRebalanceListenerInvoker - [Consumer clientId=consumer-medicine-group-1, groupId=medicine-group] Lost previously assigned partitions bulk-medicine-upload-0
2025-11-28 15:39:25 [org.springframework.kafka.KafkaListenerEndpointContainer#0-0-C-1] INFO  o.s.k.l.KafkaMessageListenerContainer - medicine-group: partitions lost: [bulk-medicine-upload-0]
2025-11-28 15:39:25 [org.springframework.kafka.KafkaListenerEndpointContainer#0-0-C-1] INFO  o.s.k.l.KafkaMessageListenerContainer - medicine-group: partitions revoked: [bulk-medicine-upload-0]
2025-11-28 15:39:25 [org.springframework.kafka.KafkaListenerEndpointContainer#0-0-C-1] INFO  o.a.k.c.c.i.ConsumerCoordinator - [Consumer clientId=consumer-medicine-group-1, groupId=medicine-group] (Re-)joining group
2025-11-28 15:39:25 [org.springframework.kafka.KafkaListenerEndpointContainer#0-0-C-1] INFO  o.a.k.c.c.i.ConsumerCoordinator - [Consumer clientId=consumer-medicine-group-1, groupId=medicine-group] Request joining group due to: need to re-join with the given member-id: consumer-medicine-group-1-4f2caed2-857b-4ccb-90f8-dd8cdb3df07a
2025-11-28 15:39:25 [org.springframework.kafka.KafkaListenerEndpointContainer#0-0-C-1] INFO  o.a.k.c.c.i.ConsumerCoordinator - [Consumer clientId=consumer-medicine-group-1, groupId=medicine-group] (Re-)joining group
2025-11-28 15:39:26 [org.springframework.kafka.KafkaListenerEndpointContainer#0-0-C-1] INFO  o.a.k.c.c.i.ConsumerCoordinator - [Consumer clientId=consumer-medicine-group-1, groupId=medicine-group] Successfully joined group with generation Generation{generationId=19, memberId='consumer-medicine-group-1-4f2caed2-857b-4ccb-90f8-dd8cdb3df07a', protocol='range'}
2025-11-28 15:39:26 [org.springframework.kafka.KafkaListenerEndpointContainer#1-0-C-1] INFO  o.a.k.c.c.i.ConsumerCoordinator - [Consumer clientId=consumer-patient-group-2, groupId=patient-group] Discovered group coordinator NLPULTP8105659.FPS.NIHILENT.com:9092 (id: 2147483647 rack: null)
2025-11-28 15:39:26 [org.springframework.kafka.KafkaListenerEndpointContainer#0-0-C-1] INFO  o.a.k.c.c.i.ConsumerCoordinator - [Consumer clientId=consumer-medicine-group-1, groupId=medicine-group] Finished assignment for group at generation 19: {consumer-medicine-group-1-4f2caed2-857b-4ccb-90f8-dd8cdb3df07a=Assignment(partitions=[bulk-medicine-upload-0])}
2025-11-28 15:39:26 [org.springframework.kafka.KafkaListenerEndpointContainer#1-0-C-1] INFO  o.a.k.c.c.i.ConsumerCoordinator - [Consumer clientId=consumer-patient-group-2, groupId=patient-group] Attempt to heartbeat with Generation{generationId=17, memberId='consumer-patient-group-2-a639b793-9c60-476a-af54-58dadd74ceb8', protocol='range'} and group instance id Optional.empty failed due to UNKNOWN_MEMBER_ID, resetting generation
2025-11-28 15:39:26 [org.springframework.kafka.KafkaListenerEndpointContainer#1-0-C-1] INFO  o.a.k.c.c.i.ConsumerCoordinator - [Consumer clientId=consumer-patient-group-2, groupId=patient-group] Resetting generation and member id due to: encountered UNKNOWN_MEMBER_ID from HEARTBEAT response
2025-11-28 15:39:26 [org.springframework.kafka.KafkaListenerEndpointContainer#1-0-C-1] INFO  o.a.k.c.c.i.ConsumerCoordinator - [Consumer clientId=consumer-patient-group-2, groupId=patient-group] Request joining group due to: encountered UNKNOWN_MEMBER_ID from HEARTBEAT response
2025-11-28 15:39:26 [org.springframework.kafka.KafkaListenerEndpointContainer#1-0-C-1] INFO  o.a.k.c.c.i.ConsumerCoordinator - [Consumer clientId=consumer-patient-group-2, groupId=patient-group] Giving away all assigned partitions as lost since generation/memberID has been reset,indicating that consumer is in old state or no longer part of the group
2025-11-28 15:39:26 [org.springframework.kafka.KafkaListenerEndpointContainer#1-0-C-1] INFO  o.a.k.c.c.i.ConsumerRebalanceListenerInvoker - [Consumer clientId=consumer-patient-group-2, groupId=patient-group] Lost previously assigned partitions bulk-patient-topic-0
2025-11-28 15:39:26 [org.springframework.kafka.KafkaListenerEndpointContainer#1-0-C-1] INFO  o.s.k.l.KafkaMessageListenerContainer - patient-group: partitions lost: [bulk-patient-topic-0]
2025-11-28 15:39:26 [org.springframework.kafka.KafkaListenerEndpointContainer#1-0-C-1] INFO  o.s.k.l.KafkaMessageListenerContainer - patient-group: partitions revoked: [bulk-patient-topic-0]
2025-11-28 15:39:26 [org.springframework.kafka.KafkaListenerEndpointContainer#1-0-C-1] INFO  o.a.k.c.c.i.ConsumerCoordinator - [Consumer clientId=consumer-patient-group-2, groupId=patient-group] (Re-)joining group
2025-11-28 15:39:26 [org.springframework.kafka.KafkaListenerEndpointContainer#0-0-C-1] INFO  o.a.k.c.c.i.ConsumerCoordinator - [Consumer clientId=consumer-medicine-group-1, groupId=medicine-group] Successfully synced group in generation Generation{generationId=19, memberId='consumer-medicine-group-1-4f2caed2-857b-4ccb-90f8-dd8cdb3df07a', protocol='range'}
2025-11-28 15:39:26 [org.springframework.kafka.KafkaListenerEndpointContainer#0-0-C-1] INFO  o.a.k.c.c.i.ConsumerCoordinator - [Consumer clientId=consumer-medicine-group-1, groupId=medicine-group] Notifying assignor about the new Assignment(partitions=[bulk-medicine-upload-0])
2025-11-28 15:39:26 [org.springframework.kafka.KafkaListenerEndpointContainer#0-0-C-1] INFO  o.a.k.c.c.i.ConsumerRebalanceListenerInvoker - [Consumer clientId=consumer-medicine-group-1, groupId=medicine-group] Adding newly assigned partitions: bulk-medicine-upload-0
2025-11-28 15:39:26 [org.springframework.kafka.KafkaListenerEndpointContainer#0-0-C-1] INFO  o.a.k.c.c.internals.ConsumerUtils - Setting offset for partition bulk-medicine-upload-0 to the committed offset FetchPosition{offset=0, offsetEpoch=Optional.empty, currentLeader=LeaderAndEpoch{leader=Optional[NLPULTP8105659.FPS.NIHILENT.com:9092 (id: 0 rack: null)], epoch=0}}
2025-11-28 15:39:26 [org.springframework.kafka.KafkaListenerEndpointContainer#1-0-C-1] INFO  o.a.k.c.c.i.ConsumerCoordinator - [Consumer clientId=consumer-patient-group-2, groupId=patient-group] Request joining group due to: need to re-join with the given member-id: consumer-patient-group-2-57762dd6-05d5-4c37-8dfb-ad747811a09a
2025-11-28 15:39:26 [org.springframework.kafka.KafkaListenerEndpointContainer#0-0-C-1] INFO  o.s.k.l.KafkaMessageListenerContainer - medicine-group: partitions assigned: [bulk-medicine-upload-0]
2025-11-28 15:39:26 [org.springframework.kafka.KafkaListenerEndpointContainer#1-0-C-1] INFO  o.a.k.c.c.i.ConsumerCoordinator - [Consumer clientId=consumer-patient-group-2, groupId=patient-group] (Re-)joining group
2025-11-28 15:39:26 [org.springframework.kafka.KafkaListenerEndpointContainer#1-0-C-1] INFO  o.a.k.c.c.i.ConsumerCoordinator - [Consumer clientId=consumer-patient-group-2, groupId=patient-group] Successfully joined group with generation Generation{generationId=19, memberId='consumer-patient-group-2-57762dd6-05d5-4c37-8dfb-ad747811a09a', protocol='range'}
2025-11-28 15:39:26 [org.springframework.kafka.KafkaListenerEndpointContainer#1-0-C-1] INFO  o.a.k.c.c.i.ConsumerCoordinator - [Consumer clientId=consumer-patient-group-2, groupId=patient-group] Finished assignment for group at generation 19: {consumer-patient-group-2-57762dd6-05d5-4c37-8dfb-ad747811a09a=Assignment(partitions=[bulk-patient-topic-0])}
2025-11-28 15:39:26 [org.springframework.kafka.KafkaListenerEndpointContainer#1-0-C-1] INFO  o.a.k.c.c.i.ConsumerCoordinator - [Consumer clientId=consumer-patient-group-2, groupId=patient-group] Successfully synced group in generation Generation{generationId=19, memberId='consumer-patient-group-2-57762dd6-05d5-4c37-8dfb-ad747811a09a', protocol='range'}
2025-11-28 15:39:26 [org.springframework.kafka.KafkaListenerEndpointContainer#1-0-C-1] INFO  o.a.k.c.c.i.ConsumerCoordinator - [Consumer clientId=consumer-patient-group-2, groupId=patient-group] Notifying assignor about the new Assignment(partitions=[bulk-patient-topic-0])
2025-11-28 15:39:26 [org.springframework.kafka.KafkaListenerEndpointContainer#1-0-C-1] INFO  o.a.k.c.c.i.ConsumerRebalanceListenerInvoker - [Consumer clientId=consumer-patient-group-2, groupId=patient-group] Adding newly assigned partitions: bulk-patient-topic-0
2025-11-28 15:39:26 [org.springframework.kafka.KafkaListenerEndpointContainer#1-0-C-1] INFO  o.a.k.c.c.internals.ConsumerUtils - Setting offset for partition bulk-patient-topic-0 to the committed offset FetchPosition{offset=0, offsetEpoch=Optional.empty, currentLeader=LeaderAndEpoch{leader=Optional[NLPULTP8105659.FPS.NIHILENT.com:9092 (id: 0 rack: null)], epoch=0}}
2025-11-28 15:39:26 [org.springframework.kafka.KafkaListenerEndpointContainer#1-0-C-1] INFO  o.s.k.l.KafkaMessageListenerContainer - patient-group: partitions assigned: [bulk-patient-topic-0]
2025-11-28 15:39:29 [HikariPool-1:housekeeper] WARN  com.zaxxer.hikari.pool.HikariPool - HikariPool-1 - Thread starvation or clock leap detected (housekeeper delta=21m49s928ms711s800ns).
